/eos/user/k/kmekhema/jobs/wzp6_ee_ee_Mee_30_150_ecm160/job124900306_wzp6_ee_ee_Mee_30_150_ecm160
AlmaLinux/RHEL 9 detected
Setting up the latest Key4HEP software stack from CVMFS ...
 ...  Key4HEP release: 2023-11-30
 ...  Use the following command to reproduce the current environment: 
 ... 
         source /cvmfs/sw.hsf.org/key4hep/releases/2023-11-23/x86_64-almalinux9-gcc11.3.1-opt/key4hep-stack/2023-11-30-gyuooo/setup.sh
 ... 
 ...  If you have any issues, comments or requests, open an issue at https://github.com/key4hep/key4hep-spack/issues
------------GOOD COPY
| Writing log to 'whizard.log'
|=============================================================================|
|                                                                             |
|    WW             WW  WW   WW  WW  WWWWWW      WW      WWWWW    WWWW        |
|     WW    WW     WW   WW   WW  WW     WW      WWWW     WW  WW   WW  WW      |
|      WW  WW WW  WW    WWWWWWW  WW    WW      WW  WW    WWWWW    WW   WW     |
|       WWWW   WWWW     WW   WW  WW   WW      WWWWWWWW   WW  WW   WW  WW      |
|        WW     WW      WW   WW  WW  WWWWWW  WW      WW  WW   WW  WWWW        |
|                                                                             |
|                                                                             |
|                                        W                                    |
|                                       sW                                    |
|                                       WW                                    |
|                                      sWW                                    |
|                                      WWW                                    |
|                                     wWWW                                    |
|                                    wWWWW                                    |
|                                    WW WW                                    |
|                                    WW WW                                    |
|                                   wWW WW                                    |
|                                  wWW  WW                                    |
|                                  WW   WW                                    |
|                                  WW   WW                                    |
|                                 WW    WW                                    |
|                                 WW    WW                                    |
|                                WW     WW                                    |
|                                WW     WW                                    |
|           wwwwww              WW      WW                                    |
|              WWWWWww          WW      WW                                    |
|                 WWWWWwwwww   WW       WW                                    |
|                     wWWWwwwwwWW       WW                                    |
|                 wWWWWWWWWWWwWWW       WW                                    |
|                wWWWWW       wW        WWWWWWW                               |
|                  WWWW       wW        WW  wWWWWWWWwww                       |
|                   WWWW                      wWWWWWWWwwww                    |
|                     WWWW                      WWWW     WWw                  |
|                       WWWWww                   WWWW                         |
|                           WWWwwww              WWWW                         |
|                               wWWWWwww       wWWWWW                         |
|                                     WwwwwwwwwWWW                            |
|                                                                             |
|                                                                             |
|                                                                             |
|  by:   Wolfgang Kilian, Thorsten Ohl, Juergen Reuter                        |
|        with contributions from Christian Speckner                           |
|        Contact: <whizard@desy.de>                                           |
|                                                                             |
|  if you use WHIZARD please cite:                                            |
|        W. Kilian, T. Ohl, J. Reuter,  Eur.Phys.J.C71 (2011) 1742            |
|                                          [arXiv: 0708.4233 [hep-ph]]        |
|        M. Moretti, T. Ohl, J. Reuter, arXiv: hep-ph/0102195                 |
|                                                                             |
|=============================================================================|
|                               WHIZARD 3.1.2
|=============================================================================|
| Reading model file '/cvmfs/sw.hsf.org/key4hep/releases/2023-11-23/x86_64-almalinux9-gcc11.3.1-opt/whizard/3.1.2-fw2eiz/share/whizard/models/SM.mdl'
| Preloaded model: SM
| Process library 'default_lib': initialized
| Preloaded library: default_lib
| Reading model file '/cvmfs/sw.hsf.org/key4hep/releases/2023-11-23/x86_64-almalinux9-gcc11.3.1-opt/whizard/3.1.2-fw2eiz/share/whizard/models/SM_hadrons.mdl'
| Reading commands from file 'card.sin'
n_events = 10000
seed = 124900306
| Switching to model 'SM', scheme 'default'
SM.mH =>  1.250000000000E+02
sqrts =  1.625000000000E+02
SM.ms =>  0.000000000000E+00
| Process library 'default_lib': recorded process 'proc'
?keep_beams = true
?keep_remnants = true
gaussian_spread1 =  8.900000000000E-04
gaussian_spread2 =  8.900000000000E-04
?isr_handler = true
$isr_handler_mode = "recoil"
isr_alpha =  7.299300000000E-03
isr_mass =  5.110000000000E-04
?ps_fsr_active = true
?ps_isr_active = false
?hadronization_active = true
$shower_method = "PYTHIA6"
$ps_PYTHIA_PYGIVE = "MSTJ(28)=0; PMAS(25,1)=125.1; PMAS(25,2)=0.4143E-02; MSTJ(41)=2; MSTU(22)=2000; PARJ(21)=0.40000; PARJ(41)=0.11000; PARJ(42)=0.52000; PARJ(81)=0.25000; PARJ(82)=1.90000; MSTJ(11)=3; PARJ(54)=-0.03100; PARJ(55)=-0.00200; PARJ(1)=0.08500; PARJ(3)=0.45000; PARJ(4)=0.02500; PARJ(2)=0.31000; PARJ(11)=0.60000; PARJ(12)=0.40000; PARJ(13)=0.72000; PARJ(14)=0.43000; PARJ(15)=0.08000; PARJ(16)=0.08000; PARJ(17)=0.17000; MSTP(3)=1;MSTP(71)=1;  MSTP(151)=1; PARP(151)=0.0098; PARP(152)=2.54e-5; PARP(153)=0.646; PARP(154)=1.937; MSTJ(22)=4; PARJ(73)=2250; PARJ(74)=2500"
| Integrate: current process library needs compilation
| Process library 'default_lib': compiling ...
| Process library 'default_lib': writing makefile
| Process library 'default_lib': writing driver
| Process library 'default_lib': creating source code
  RM        proc_i1.f90,.mod,.lo
  OMEGA     proc_i1.f90
[1/1] e- e+ -> e- e+ ... allowed. [time: 0.22 secs, total: 0.22 secs, remaining: 0.00 secs]
all processes done. [total time: 0.22 secs]
SUMMARY: 12 fusions, 4 propagators, 4 diagrams
SUMMARY: 4 vertices
| Process library 'default_lib': compiling sources
  FC        default_lib.lo
| Process library 'default_lib': linking
  FCLD      default_lib.la
| Process library 'default_lib': loading
| Process library 'default_lib': ... success.
| Integrate: compilation done
| RNG: Initializing TAO random-number generator
| RNG: Setting seed for random-number generator to 21458
| Initializing integration for process proc:
| Beam structure: e-, e+ => gaussian => isr
| Beam data (collision):
|   e-  (mass = 5.1099700E-04 GeV)
|   e+  (mass = 5.1099700E-04 GeV)
|   sqrts = 1.625000000000E+02 GeV
| RNG: Initializing TAO random-number generator
| RNG: Setting seed for random-number generator to 21459
| Phase space: generating configuration ...
| Phase space: ... success.
| Phase space: writing configuration file 'proc.i1.phs'
| ------------------------------------------------------------------------
| Process [scattering]: 'proc'
|   Library name  = 'default_lib'
|   Process index = 1
|   Process components:
|     1: 'proc_i1':   e-, e+ => e-, e+ [omega]
| ------------------------------------------------------------------------
| Phase space: 4 channels, 2 dimensions
| Phase space: found 4 channels, collected in 3 groves.
| Phase space: Using 4 equivalences between channels.
| Phase space: wood
| Beam structure: gaussian => isr, none => none, isr
| Beam structure: 2 channels, 2 dimensions
| Applying user-defined cuts.
| Starting integration for process 'proc'
| Integrate: iterations = 10:100000:"gw", 5:200000:""
| Integrator: 3 chains, 4 channels, 4 dimensions
| Integrator: Using VAMP channel equivalences
| Integrator: 100000 initial calls, 20 bins, stratified = T
| Integrator: VAMP
|=============================================================================|
| It      Calls  Integral[fb]  Error[fb]   Err[%]    Acc  Eff[%]   Chi2 N[It] |
|=============================================================================|
   1      80000  1.2772651E+06  1.14E+04    0.89    2.53*   2.56
   2      90067  1.2924464E+06  4.21E+03    0.33    0.98*   4.14
   3      86636  1.2916376E+06  4.42E+03    0.34    1.01    1.63
   4      85980  1.2891391E+06  2.15E+03    0.17    0.49*  12.80
   5      85833  1.2908683E+06  1.94E+03    0.15    0.44*  12.98
   6      96317  1.2871344E+06  1.55E+03    0.12    0.37*  21.62
   7      87230  1.2898795E+06  1.57E+03    0.12    0.36*  27.34
   8      98009  1.2887834E+06  1.47E+03    0.11    0.36*  21.71
   9      79480  1.2918882E+06  2.03E+03    0.16    0.44   22.06
  10      89870  1.2914148E+06  1.95E+03    0.15    0.45   15.10
|-----------------------------------------------------------------------------|
  10     879422  1.2896614E+06  6.48E+02    0.05    0.47   15.10    0.81  10
|-----------------------------------------------------------------------------|
  11     197727  1.2913970E+06  1.26E+03    0.10    0.43*  12.38
  12     197727  1.2890058E+06  1.25E+03    0.10    0.43*  12.12
  13     197727  1.2897204E+06  1.25E+03    0.10    0.43*  11.25
  14     197727  1.2889399E+06  1.25E+03    0.10    0.43   11.24
  15     197727  1.2913218E+06  1.26E+03    0.10    0.43*  10.95
|-----------------------------------------------------------------------------|
  15     988635  1.2900715E+06  5.61E+02    0.04    0.43   10.95    0.93   5
|=============================================================================|
| Time estimate for generating 10000 events: 0d:00h:00m:02s
$extension_stdhep = "stdhep"
checkpoint = 100
| Starting simulation for process 'proc'
| Simulate: using integration grids from file 'proc.m1.vg'
| Simulate: activating ISR handler
| Simulate: ISR/EPA handler mode: pair recoil
| Simulate: activating parton shower
     MSTU(12)       changed from              0 to          12345
| Shower: Using PYTHIA6 shower
| Simulate: activating hadronization
| Hadronization: Using PYTHIA6 interface for hadronization and decays
| RNG: Initializing TAO random-number generator
| RNG: Setting seed for random-number generator to 21460
| Simulation: requested number of events = 10000
|             corr. to luminosity [fb-1] =   7.7515E-03
| Events: writing to STDHEP file 'proc.stdhep'
| Events: writing to raw file 'proc.evx'
| Events: generating 10000 unweighted, unpolarized events ...
| Events: event normalization mode '1'
1****************** PYINIT: initialization of PYTHIA routines *****************

 ==============================================================================
 I                                                                            I
 I         PYTHIA will be initialized for e- on e+ user configuration         I
 I            with     81.250 GeV on     81.250 GeV beam energies             I
 I                                                                            I
 I           corresponding to    162.500 GeV center-of-mass energy            I
 I                                                                            I
 ==============================================================================

 ******** PYMAXI: summary of differential cross-section maximum search ********

           ==========================================================
           I                                      I                 I
           I  ISUB  Subprocess name               I  Maximum value  I
           I                                      I                 I
           ==========================================================
           I                                      I                 I
           I    4   User process 1                I    1.0000D-12   I
           I                                      I                 I
           ==========================================================

 ********************** PYINIT: initialization completed **********************
| 
| |===================================================================|
| | % complete | events generated | events remaining | time remaining
| |===================================================================|
|      0.0               0              10000              ???
|      1.0             100               9900              0m:09s
|      2.0             200               9800              0m:08s
|      3.0             300               9700              0m:08s
|      4.0             400               9600              0m:08s
|      5.0             500               9500              0m:08s
|      6.0             600               9400              0m:07s
|      7.0             700               9300              0m:07s
|      8.0             800               9200              0m:07s
|      9.0             900               9100              0m:07s
|     10.0            1000               9000              0m:07s
|     11.0            1100               8900              0m:07s
|     12.0            1200               8800              0m:07s
|     13.0            1300               8700              0m:07s
|     14.0            1400               8600              0m:07s
|     15.0            1500               8500              0m:07s
|     16.0            1600               8400              0m:07s
|     17.0            1700               8300              0m:06s
|     18.0            1800               8200              0m:06s
|     19.0            1900               8100              0m:06s
|     20.0            2000               8000              0m:06s
|     21.0            2100               7900              0m:06s
|     22.0            2200               7800              0m:06s
|     23.0            2300               7700              0m:06s
|     24.0            2400               7600              0m:06s
|     25.0            2500               7500              0m:06s
|     26.0            2600               7400              0m:06s
|     27.0            2700               7300              0m:06s
|     28.0            2800               7200              0m:06s
|     29.0            2900               7100              0m:06s
|     30.0            3000               7000              0m:05s
|     31.0            3100               6900              0m:05s
|     32.0            3200               6800              0m:05s
|     33.0            3300               6700              0m:05s
|     34.0            3400               6600              0m:05s
|     35.0            3500               6500              0m:05s
|     36.0            3600               6400              0m:05s
|     37.0            3700               6300              0m:05s
|     38.0            3800               6200              0m:05s
|     39.0            3900               6100              0m:05s
|     40.0            4000               6000              0m:05s
|     41.0            4100               5900              0m:05s
|     42.0            4200               5800              0m:05s
|     43.0            4300               5700              0m:04s
|     44.0            4400               5600              0m:04s
|     45.0            4500               5500              0m:04s
|     46.0            4600               5400              0m:04s
|     47.0            4700               5300              0m:04s
|     48.0            4800               5200              0m:04s
|     49.0            4900               5100              0m:04s
|     50.0            5000               5000              0m:04s
|     51.0            5100               4900              0m:04s
|     52.0            5200               4800              0m:04s
|     53.0            5300               4700              0m:04s
|     54.0            5400               4600              0m:04s
|     55.0            5500               4500              0m:04s
|     56.0            5600               4400              0m:03s
|     57.0            5700               4300              0m:03s
|     58.0            5800               4200              0m:03s
|     59.0            5900               4100              0m:03s
|     60.0            6000               4000              0m:03s
|     61.0            6100               3900              0m:03s
|     62.0            6200               3800              0m:03s
|     63.0            6300               3700              0m:03s
|     64.0            6400               3600              0m:03s
|     65.0            6500               3500              0m:03s
|     66.0            6600               3400              0m:03s
|     67.0            6700               3300              0m:03s
|     68.0            6800               3200              0m:03s
|     69.0            6900               3100              0m:02s
|     70.0            7000               3000              0m:02s
|     71.0            7100               2900              0m:02s
|     72.0            7200               2800              0m:02s
|     73.0            7300               2700              0m:02s
|     74.0            7400               2600              0m:02s
|     75.0            7500               2500              0m:02s
|     76.0            7600               2400              0m:02s
|     77.0            7700               2300              0m:02s
|     78.0            7800               2200              0m:02s
|     79.0            7900               2100              0m:02s
|     80.0            8000               2000              0m:02s
|     81.0            8100               1900              0m:02s
|     82.0            8200               1800              0m:01s
|     83.0            8300               1700              0m:01s
|     84.0            8400               1600              0m:01s
|     85.0            8500               1500              0m:01s
|     86.0            8600               1400              0m:01s
|     87.0            8700               1300              0m:01s
|     88.0            8800               1200              0m:01s
|     89.0            8900               1100              0m:01s
|     90.0            9000               1000              0m:01s
|     91.0            9100                900              0m:01s
|     92.0            9200                800              0m:01s
|     93.0            9300                700              0m:01s
|     94.0            9400                600              0m:00s
|     95.0            9500                500              0m:00s
|     96.0            9600                400              0m:00s
|     97.0            9700                300              0m:00s
|     98.0            9800                200              0m:00s
|     99.0            9900                100              0m:00s
|    100.0           10000                  0              0m:00s
| |===================================================================|
| 
|         ... event sample complete.
| Events: actual unweighting efficiency =  10.92 %
Warning: Encountered events with excess weight: 1 events (  0.010 %)
| Maximum excess weight = 4.973E-01
| Average excess weight = 4.973E-05
| Events: closing STDHEP file 'proc.stdhep'
| Events: closing raw file 'proc.evx'
| There were no errors and    1 warning(s).
| WHIZARD run finished.
|=============================================================================|


          ********************************************************
          *       STDHEP version 5.06.01 -  November 20, 2007    *
          ********************************************************


 STDXWOPEN WARNING: I/O is initialized for stdhep only

          STDXEND:    3724713 words i/o with     9542 efficiency 
finished run
------------GOOD COPY
stdhep.gz file successfully copied on eos
import FCC-ee config
version  winter2023
yamldir =  /afs/cern.ch/work/f/fccsw/public/FCCDicts/yaml/FCCee/stdhep/winter2023/
indir = /eos/user/k/kmekhema/whizard_products/stdhep/winter2023/
sending jobs
run locally
preparing to send Whizard jobs to produce stdhep files for process wzp6_ee_ee_Mee_30_150_ecm160
njobs= 1
stdhepdir = /eos/user/k/kmekhema/whizard_products/stdhep/winter2023/wzp6_ee_ee_Mee_30_150_ecm160
will run locally
succesfully sent 1  job(s)
