/eos/user/k/kmekhema/jobs/wzp6_ee_qq_ecm90/job136830606_wzp6_ee_qq_ecm90
Setting up the latest Key4HEP software stack from CVMFS ...
 ...  Key4HEP release: key4hep-stack/2023-04-08
 ... Use the following command to reproduce the current environment: 
 ... 
         source /cvmfs/sw.hsf.org/spackages7/key4hep-stack/2023-04-08/x86_64-centos7-gcc11.2.0-opt/urwcv/setup.sh
 ... 
 ... done. 
------------GOOD COPY
| Writing log to 'whizard.log'
|=============================================================================|
|                                                                             |
|    WW             WW  WW   WW  WW  WWWWWW      WW      WWWWW    WWWW        |
|     WW    WW     WW   WW   WW  WW     WW      WWWW     WW  WW   WW  WW      |
|      WW  WW WW  WW    WWWWWWW  WW    WW      WW  WW    WWWWW    WW   WW     |
|       WWWW   WWWW     WW   WW  WW   WW      WWWWWWWW   WW  WW   WW  WW      |
|        WW     WW      WW   WW  WW  WWWWWW  WW      WW  WW   WW  WWWW        |
|                                                                             |
|                                                                             |
|                                        W                                    |
|                                       sW                                    |
|                                       WW                                    |
|                                      sWW                                    |
|                                      WWW                                    |
|                                     wWWW                                    |
|                                    wWWWW                                    |
|                                    WW WW                                    |
|                                    WW WW                                    |
|                                   wWW WW                                    |
|                                  wWW  WW                                    |
|                                  WW   WW                                    |
|                                  WW   WW                                    |
|                                 WW    WW                                    |
|                                 WW    WW                                    |
|                                WW     WW                                    |
|                                WW     WW                                    |
|           wwwwww              WW      WW                                    |
|              WWWWWww          WW      WW                                    |
|                 WWWWWwwwww   WW       WW                                    |
|                     wWWWwwwwwWW       WW                                    |
|                 wWWWWWWWWWWwWWW       WW                                    |
|                wWWWWW       wW        WWWWWWW                               |
|                  WWWW       wW        WW  wWWWWWWWwww                       |
|                   WWWW                      wWWWWWWWwwww                    |
|                     WWWW                      WWWW     WWw                  |
|                       WWWWww                   WWWW                         |
|                           WWWwwww              WWWW                         |
|                               wWWWWwww       wWWWWW                         |
|                                     WwwwwwwwwWWW                            |
|                                                                             |
|                                                                             |
|                                                                             |
|  by:   Wolfgang Kilian, Thorsten Ohl, Juergen Reuter                        |
|        with contributions from Christian Speckner                           |
|        Contact: <whizard@desy.de>                                           |
|                                                                             |
|  if you use WHIZARD please cite:                                            |
|        W. Kilian, T. Ohl, J. Reuter,  Eur.Phys.J.C71 (2011) 1742            |
|                                          [arXiv: 0708.4233 [hep-ph]]        |
|        M. Moretti, T. Ohl, J. Reuter, arXiv: hep-ph/0102195                 |
|                                                                             |
|=============================================================================|
|                               WHIZARD 3.1.0
|=============================================================================|
| Reading model file '/cvmfs/sw.hsf.org/spackages7/whizard/3.1.0/x86_64-centos7-gcc11.2.0-opt/z72ic/share/whizard/models/SM.mdl'
| Preloaded model: SM
| Process library 'default_lib': initialized
| Preloaded library: default_lib
| Reading model file '/cvmfs/sw.hsf.org/spackages7/whizard/3.1.0/x86_64-centos7-gcc11.2.0-opt/z72ic/share/whizard/models/SM_hadrons.mdl'
| Reading commands from file 'card.sin'
n_events = 10000
seed = 136830606
| Switching to model 'SM', scheme 'default'
SM.mH =>  1.250000000000E+02
sqrts =  9.120000000000E+01
SM.ms =>  0.000000000000E+00
[user variable] q = PDG(2, 1, 3)
[user variable] Q = PDG(-2, -1, -3)
| Process library 'default_lib': recorded process 'proc'
?keep_beams = true
?keep_remnants = true
gaussian_spread1 =  8.900000000000E-04
gaussian_spread2 =  8.900000000000E-04
?isr_handler = true
$isr_handler_mode = "recoil"
isr_alpha =  7.299300000000E-03
isr_mass =  5.110000000000E-04
?ps_fsr_active = true
?ps_isr_active = false
?hadronization_active = true
$shower_method = "PYTHIA6"
$ps_PYTHIA_PYGIVE = "MSTJ(28)=0; PMAS(25,1)=125.1; PMAS(25,2)=0.4143E-02; MSTJ(41)=2; MSTU(22)=2000; PARJ(21)=0.40000; PARJ(41)=0.11000; PARJ(42)=0.52000; PARJ(81)=0.25000; PARJ(82)=1.90000; MSTJ(11)=3; PARJ(54)=-0.03100; PARJ(55)=-0.00200; PARJ(1)=0.08500; PARJ(3)=0.45000; PARJ(4)=0.02500; PARJ(2)=0.31000; PARJ(11)=0.60000; PARJ(12)=0.40000; PARJ(13)=0.72000; PARJ(14)=0.43000; PARJ(15)=0.08000; PARJ(16)=0.08000; PARJ(17)=0.17000; MSTP(3)=1;MSTP(71)=1;  MSTP(151)=1; PARP(151)=0.0098; PARP(152)=2.54e-5; PARP(153)=0.646; PARP(154)=1.937; MSTJ(22)=4; PARJ(73)=2250; PARJ(74)=2500"
| Integrate: current process library needs compilation
| Process library 'default_lib': compiling ...
| Process library 'default_lib': writing makefile
| Process library 'default_lib': writing driver
| Process library 'default_lib': creating source code
  RM        proc_i1.f90,.mod,.lo
  RM        proc_i2.f90,.mod,.lo
  RM        proc_i3.f90,.mod,.lo
  OMEGA     proc_i1.f90
[1/3] e- e+ -> s sbar ... allowed. [time: 0.22 secs, total: 0.66 secs, remaining: 0.44 secs]
[2/3] e- e+ -> d dbar ... allowed. [time: 0.22 secs, total: 0.66 secs, remaining: 0.22 secs]
[3/3] e- e+ -> u ubar ... allowed. [time: 0.22 secs, total: 0.66 secs, remaining: 0.00 secs]
all processes done. [total time: 0.66 secs]
SUMMARY: 6 fusions, 2 propagators, 2 diagrams
SUMMARY: 6 fusions, 2 propagators, 2 diagrams
SUMMARY: 6 fusions, 2 propagators, 2 diagrams
SUMMARY: 6 vertices
  OMEGA     proc_i2.f90
[1/1] e- e+ -> c cbar ... allowed. [time: 0.22 secs, total: 0.22 secs, remaining: 0.00 secs]
all processes done. [total time: 0.22 secs]
SUMMARY: 6 fusions, 2 propagators, 2 diagrams
SUMMARY: 4 vertices
  OMEGA     proc_i3.f90
[1/1] e- e+ -> b bbar ... allowed. [time: 0.22 secs, total: 0.22 secs, remaining: 0.00 secs]
all processes done. [total time: 0.22 secs]
SUMMARY: 6 fusions, 2 propagators, 2 diagrams
SUMMARY: 4 vertices
| Process library 'default_lib': compiling sources
  FC        default_lib.lo
| Process library 'default_lib': linking
  FCLD      default_lib.la
| Process library 'default_lib': loading
| Process library 'default_lib': ... success.
| Integrate: compilation done
| RNG: Initializing TAO random-number generator
| RNG: Setting seed for random-number generator to 24206
| Initializing integration for process proc:
| Beam structure: e-, e+ => gaussian => isr
| Beam data (collision):
|   e-  (mass = 5.1099700E-04 GeV)
|   e+  (mass = 5.1099700E-04 GeV)
|   sqrts = 9.120000000000E+01 GeV
| RNG: Initializing TAO random-number generator
| RNG: Setting seed for random-number generator to 24207
| Phase space: generating configuration ...
| Phase space: ... success.
| Phase space: writing configuration file 'proc.i1.phs'
| Phase space: generating configuration ...
| Phase space: ... success.
| Phase space: writing configuration file 'proc.i2.phs'
| Phase space: generating configuration ...
| Phase space: ... success.
| Phase space: writing configuration file 'proc.i3.phs'
| ------------------------------------------------------------------------
| Process [scattering]: 'proc'
|   Library name  = 'default_lib'
|   Process index = 1
|   Process components:
|     1: 'proc_i1':   e-, e+ => u:d:s, ubar:dbar:sbar [omega]
|     2: 'proc_i2':   e-, e+ => c, cbar [omega]
|     3: 'proc_i3':   e-, e+ => b, bbar [omega]
| ------------------------------------------------------------------------
| Phase space: 2 channels, 2 dimensions
| Phase space: found 2 channels, collected in 2 groves.
| Phase space: Using 2 equivalences between channels.
| Phase space: wood
| Phase space: 2 channels, 2 dimensions
| Phase space: found 2 channels, collected in 2 groves.
| Phase space: Using 2 equivalences between channels.
| Phase space: wood
| Phase space: 2 channels, 2 dimensions
| Phase space: found 2 channels, collected in 2 groves.
| Phase space: Using 2 equivalences between channels.
| Phase space: wood
| Beam structure: gaussian => isr, none => none, isr
| Beam structure: 2 channels, 2 dimensions
Warning: No cuts have been defined.
| Starting integration for process 'proc' part 1
| Integrate: iterations = 10:100000:"gw", 5:200000:""
| Integrator: 2 chains, 2 channels, 4 dimensions
| Integrator: Using VAMP channel equivalences
| Integrator: 100000 initial calls, 20 bins, stratified = T
| Integrator: VAMP
|=============================================================================|
| It      Calls  Integral[fb]  Error[fb]   Err[%]    Acc  Eff[%]   Chi2 N[It] |
|=============================================================================|
   1      82944  1.8995845E+07  3.41E+05    1.80    5.18*   0.13
   2      92208  1.8988592E+07  1.16E+05    0.61    1.85*   0.43
   3      81472  1.9945874E+07  3.42E+05    1.72    4.90    0.28
   4      92208  2.0436877E+07  6.58E+05    3.22    9.77    0.05
   5      96832  1.9946768E+07  1.07E+05    0.53    1.66*   0.57
   6      92208  2.1091387E+07  6.80E+05    3.23    9.79    0.05
   7      96832  2.1312865E+07  5.61E+05    2.63    8.19*   0.06
   8      96832  2.1029872E+07  2.92E+05    1.39    4.32*   0.10
   9      82208  2.2136862E+07  1.18E+06    5.32   15.25    0.03
  10      92795  2.0989758E+07  1.61E+05    0.77    2.34*   0.27
|-----------------------------------------------------------------------------|
  10     906539  1.9874715E+07  6.48E+04    0.33    3.10    0.27   15.94  10
|-----------------------------------------------------------------------------|
  11     198936  2.1042121E+07  2.36E+05    1.12    5.00    0.06
  12     198936  2.1785335E+07  7.54E+05    3.46   15.45    0.02
  13     198936  2.1452464E+07  4.32E+05    2.01    8.98*   0.02
  14     198936  2.0883897E+07  1.72E+05    0.82    3.67*   0.02
  15     198936  2.0882476E+07  1.32E+05    0.63    2.83*   0.02
|-----------------------------------------------------------------------------|
  15     994680  2.0947642E+07  9.29E+04    0.44    4.42    0.02    0.78   5
|=============================================================================|
| Time estimate for generating 10000 events: 0d:00h:15m:59s
| Starting integration for process 'proc' part 2
| Integrate: iterations = 10:100000:"gw", 5:200000:""
| Integrator: 2 chains, 2 channels, 4 dimensions
| Integrator: Using VAMP channel equivalences
| Integrator: 100000 initial calls, 20 bins, stratified = T
| Integrator: VAMP
|=============================================================================|
| It      Calls  Integral[fb]  Error[fb]   Err[%]    Acc  Eff[%]   Chi2 N[It] |
|=============================================================================|
   1      82944  5.5769893E+06  2.11E+05    3.78   10.90*   0.08
   2      82208  5.4336001E+06  5.51E+04    1.01    2.91*   0.30
   3      92208  5.6568963E+06  1.02E+05    1.80    5.46    0.13
   4      82208  5.6431166E+06  9.21E+04    1.63    4.68*   0.11
   5      82208  5.8258588E+06  1.66E+05    2.84    8.15    0.07
   6      96832  5.7236751E+06  3.92E+04    0.69    2.13*   0.27
   7      92208  5.8585246E+06  5.97E+04    1.02    3.10    0.28
   8      92208  5.7813392E+06  1.75E+04    0.30    0.92*   1.24
   9      82944  5.9837295E+06  1.03E+05    1.72    4.94    0.26
  10      92208  5.9448475E+06  8.20E+04    1.38    4.19*   0.13
|-----------------------------------------------------------------------------|
  10     878176  5.7579871E+06  1.41E+04    0.24    2.29    0.13    5.94  10
|-----------------------------------------------------------------------------|
  11     195648  6.0483706E+06  1.63E+05    2.69   11.92    0.03
  12     195648  5.9275835E+06  3.44E+04    0.58    2.56*   0.03
  13     195648  6.9213708E+06  9.45E+05   13.65   60.39    0.01
  14     195648  5.8564379E+06  1.80E+04    0.31    1.36*   0.00
  15     195648  5.9201134E+06  3.31E+04    0.56    2.47    0.00
|-----------------------------------------------------------------------------|
  15     978240  5.8823237E+06  1.43E+04    0.24    2.40    0.00    1.84   5
|=============================================================================|
| Time estimate for generating 10000 events: 0d:01h:04m:22s
| Starting integration for process 'proc' part 3
| Integrate: iterations = 10:100000:"gw", 5:200000:""
| Integrator: 2 chains, 2 channels, 4 dimensions
| Integrator: Using VAMP channel equivalences
| Integrator: 100000 initial calls, 20 bins, stratified = T
| Integrator: VAMP
|=============================================================================|
| It      Calls  Integral[fb]  Error[fb]   Err[%]    Acc  Eff[%]   Chi2 N[It] |
|=============================================================================|
   1      82944  6.6859466E+06  4.53E+04    0.68    1.95*   0.35
   2      82944  7.3410633E+06  3.46E+05    4.72   13.58    0.08
   3      96832  6.9500335E+06  5.13E+04    0.74    2.30*   0.24
   4      92208  7.6021125E+06  5.24E+05    6.90   20.95    0.02
   5      91635  7.7945571E+06  6.80E+05    8.72   26.39    0.01
   6      87412  7.3078398E+06  7.29E+04    1.00    2.95*   0.19
   7      96832  7.5270441E+06  1.50E+05    1.99    6.19    0.09
   8      96832  7.6528040E+06  1.67E+05    2.18    6.78    0.07
   9      96832  7.4724465E+06  6.84E+04    0.92    2.85*   0.18
  10      82208  7.6149972E+06  1.95E+05    2.56    7.33    0.06
|-----------------------------------------------------------------------------|
  10     906679  7.0407794E+06  2.68E+04    0.38    3.63    0.06   17.09  10
|-----------------------------------------------------------------------------|
  11     198016  8.2665343E+06  6.74E+05    8.15   36.26    0.01
  12     198016  7.5412280E+06  8.29E+04    1.10    4.89*   0.01
  13     198016  7.9109833E+06  2.66E+05    3.36   14.96    0.01
  14     198016  7.5610539E+06  1.14E+05    1.51    6.70*   0.01
  15     198016  7.5434770E+06  6.50E+04    0.86    3.83*   0.01
|-----------------------------------------------------------------------------|
  15     990080  7.5599104E+06  4.59E+04    0.61    6.04    0.01    0.74   5
|=============================================================================|
| Time estimate for generating 10000 events: 0d:00h:39m:04s
| Integrate: sum of all components
|=============================================================================|
| It      Calls  Integral[fb]  Error[fb]   Err[%]    Acc  Eff[%]   Chi2 N[It] |
|=============================================================================|
   1          0  3.4389876E+07  1.05E+05    0.30    0.00*   0.01
|=============================================================================|
$extension_stdhep = "stdhep"
checkpoint = 100
| Starting simulation for process 'proc'
| Simulate: using integration grids from file 'proc.m1.vg'
| Simulate: using integration grids from file 'proc.m2.vg'
| Simulate: using integration grids from file 'proc.m3.vg'
| Simulate: activating ISR handler
| Simulate: ISR/EPA handler mode: pair recoil
| Simulate: activating parton shower
     MSTU(12)       changed from              0 to          12345
| Shower: Using PYTHIA6 shower
| Simulate: activating hadronization
| Hadronization: Using PYTHIA6 interface for hadronization and decays
| RNG: Initializing TAO random-number generator
| RNG: Setting seed for random-number generator to 24208
| Simulation: requested number of events = 10000
|             corr. to luminosity [fb-1] =   2.9078E-04
| Events: writing to STDHEP file 'proc.stdhep'
| Events: writing to raw file 'proc.evx'
| Events: generating 10000 unweighted, unpolarized events ...
| Events: event normalization mode '1'
1****************** PYINIT: initialization of PYTHIA routines *****************

 ==============================================================================
 I                                                                            I
 I         PYTHIA will be initialized for e- on e+ user configuration         I
 I            with     45.600 GeV on     45.600 GeV beam energies             I
 I                                                                            I
 I           corresponding to     91.200 GeV center-of-mass energy            I
 I                                                                            I
 ==============================================================================

 ******** PYMAXI: summary of differential cross-section maximum search ********

           ==========================================================
           I                                      I                 I
           I  ISUB  Subprocess name               I  Maximum value  I
           I                                      I                 I
           ==========================================================
           I                                      I                 I
           I    4   User process 1                I    1.0000D-12   I
           I                                      I                 I
           ==========================================================

 ********************** PYINIT: initialization completed **********************
| 
| |===================================================================|
| | % complete | events generated | events remaining | time remaining
| |===================================================================|
|      0.0               0              10000              ???
|      1.0             100               9900              25m:59s
|      2.0             200               9800              29m:00s
|      3.0             300               9700              27m:21s
|      4.0             400               9600              26m:48s
|      5.0             500               9500              26m:38s
|      6.0             600               9400              26m:38s
|      7.0             700               9300              26m:33s
|      8.0             800               9200              27m:40s
|      9.0             900               9100              26m:50s
|     10.0            1000               9000              26m:38s
|     11.0            1100               8900              26m:18s
|     12.0            1200               8800              26m:00s
|     13.0            1300               8700              25m:55s
|     14.0            1400               8600              25m:53s
|     15.0            1500               8500              25m:27s
|     16.0            1600               8400              25m:14s
|     17.0            1700               8300              24m:53s
|     18.0            1800               8200              24m:35s
|     19.0            1900               8100              24m:20s
|     20.0            2000               8000              24m:00s
|     21.0            2100               7900              23m:47s
|     22.0            2200               7800              23m:32s
|     23.0            2300               7700              23m:33s
|     24.0            2400               7600              23m:28s
|     25.0            2500               7500              23m:04s
|     26.0            2600               7400              22m:40s
|     27.0            2700               7300              22m:09s
|     28.0            2800               7200              21m:47s
|     29.0            2900               7100              21m:22s
|     30.0            3000               7000              21m:03s
|     31.0            3100               6900              20m:43s
|     32.0            3200               6800              20m:27s
|     33.0            3300               6700              19m:57s
|     34.0            3400               6600              19m:32s
|     35.0            3500               6500              19m:08s
|     36.0            3600               6400              18m:59s
|     37.0            3700               6300              18m:37s
|     38.0            3800               6200              18m:21s
|     39.0            3900               6100              18m:02s
|     40.0            4000               6000              17m:41s
|     41.0            4100               5900              17m:29s
|     42.0            4200               5800              17m:07s
|     43.0            4300               5700              16m:49s
|     44.0            4400               5600              16m:30s
|     45.0            4500               5500              16m:09s
|     46.0            4600               5400              15m:47s

     Advisory warning type 3 given after     9292 PYEXEC calls:
     (PYPREP:) too small mass in jet system
|     47.0            4700               5300              15m:33s
|     48.0            4800               5200              15m:15s
|     49.0            4900               5100              15m:03s
|     50.0            5000               5000              14m:46s
|     51.0            5100               4900              14m:25s
|     52.0            5200               4800              14m:07s
|     53.0            5300               4700              13m:55s
|     54.0            5400               4600              13m:40s
|     55.0            5500               4500              13m:20s
|     56.0            5600               4400              13m:00s
|     57.0            5700               4300              12m:42s
|     58.0            5800               4200              12m:22s
|     59.0            5900               4100              12m:05s
|     60.0            6000               4000              11m:46s
|     61.0            6100               3900              11m:27s
|     62.0            6200               3800              11m:10s
|     63.0            6300               3700              10m:52s
|     64.0            6400               3600              10m:33s
|     65.0            6500               3500              10m:14s
|     66.0            6600               3400              9m:57s
|     67.0            6700               3300              9m:39s
|     68.0            6800               3200              9m:23s
|     69.0            6900               3100              9m:03s
|     70.0            7000               3000              8m:46s
|     71.0            7100               2900              8m:29s
|     72.0            7200               2800              8m:13s
|     73.0            7300               2700              7m:54s
|     74.0            7400               2600              7m:37s
|     75.0            7500               2500              7m:18s
|     76.0            7600               2400              7m:00s
|     77.0            7700               2300              6m:42s
|     78.0            7800               2200              6m:24s
|     79.0            7900               2100              6m:07s
|     80.0            8000               2000              5m:49s
|     81.0            8100               1900              5m:32s
|     82.0            8200               1800              5m:14s
|     83.0            8300               1700              4m:57s
|     84.0            8400               1600              4m:39s
|     85.0            8500               1500              4m:21s
|     86.0            8600               1400              4m:04s
|     87.0            8700               1300              3m:46s
|     88.0            8800               1200              3m:29s
|     89.0            8900               1100              3m:12s
|     90.0            9000               1000              2m:55s
|     91.0            9100                900              2m:38s
|     92.0            9200                800              2m:20s
|     93.0            9300                700              2m:02s
|     94.0            9400                600              1m:45s
|     95.0            9500                500              1m:27s
|     96.0            9600                400              1m:10s
|     97.0            9700                300              0m:52s
|     98.0            9800                200              0m:35s
|     99.0            9900                100              0m:17s
|    100.0           10000                  0              0m:00s
| |===================================================================|
| 
|         ... event sample complete.
| Events: actual unweighting efficiency =   0.01 %
Warning: Encountered events with excess weight: 42 events (  0.420 %)
| Maximum excess weight = 6.489E+01
| Average excess weight = 1.431E-02
| Events: closing STDHEP file 'proc.stdhep'
| Events: closing raw file 'proc.evx'
| There were no errors and    2 warning(s).
| WHIZARD run finished.
|=============================================================================|


          ********************************************************
          *       STDHEP version 5.06.01 -  November 20, 2007    *
          ********************************************************


 STDXWOPEN WARNING: I/O is initialized for stdhep only

          STDXEND:   22394337 words i/o with     9923 efficiency 
finished run
------------GOOD COPY
stdhep.gz file successfully copied on eos
import FCC-ee config
version  winter2023
yamldir =  /afs/cern.ch/work/f/fccsw/public/FCCDicts/yaml/FCCee/stdhep/winter2023/
indir = /eos/user/k/kmekhema/whizard_products/stdhep/winter2023/
sending jobs
run locally
preparing to send Whizard jobs to produce stdhep files for process wzp6_ee_qq_ecm90
njobs= 1
stdhepdir = /eos/user/k/kmekhema/whizard_products/stdhep/winter2023/wzp6_ee_qq_ecm90
will run locally
succesfully sent 1  job(s)
