/eos/user/k/kmekhema/jobs/wzp6_ee_ee_Mee_0_30_ecm90/job126790431_wzp6_ee_ee_Mee_0_30_ecm90
Setting up the latest Key4HEP software stack from CVMFS ...
 ...  Key4HEP release: key4hep-stack/2023-04-08
 ... Use the following command to reproduce the current environment: 
 ... 
         source /cvmfs/sw.hsf.org/spackages7/key4hep-stack/2023-04-08/x86_64-centos7-gcc11.2.0-opt/urwcv/setup.sh
 ... 
 ... done. 
------------GOOD COPY
| Writing log to 'whizard.log'
|=============================================================================|
|                                                                             |
|    WW             WW  WW   WW  WW  WWWWWW      WW      WWWWW    WWWW        |
|     WW    WW     WW   WW   WW  WW     WW      WWWW     WW  WW   WW  WW      |
|      WW  WW WW  WW    WWWWWWW  WW    WW      WW  WW    WWWWW    WW   WW     |
|       WWWW   WWWW     WW   WW  WW   WW      WWWWWWWW   WW  WW   WW  WW      |
|        WW     WW      WW   WW  WW  WWWWWW  WW      WW  WW   WW  WWWW        |
|                                                                             |
|                                                                             |
|                                        W                                    |
|                                       sW                                    |
|                                       WW                                    |
|                                      sWW                                    |
|                                      WWW                                    |
|                                     wWWW                                    |
|                                    wWWWW                                    |
|                                    WW WW                                    |
|                                    WW WW                                    |
|                                   wWW WW                                    |
|                                  wWW  WW                                    |
|                                  WW   WW                                    |
|                                  WW   WW                                    |
|                                 WW    WW                                    |
|                                 WW    WW                                    |
|                                WW     WW                                    |
|                                WW     WW                                    |
|           wwwwww              WW      WW                                    |
|              WWWWWww          WW      WW                                    |
|                 WWWWWwwwww   WW       WW                                    |
|                     wWWWwwwwwWW       WW                                    |
|                 wWWWWWWWWWWwWWW       WW                                    |
|                wWWWWW       wW        WWWWWWW                               |
|                  WWWW       wW        WW  wWWWWWWWwww                       |
|                   WWWW                      wWWWWWWWwwww                    |
|                     WWWW                      WWWW     WWw                  |
|                       WWWWww                   WWWW                         |
|                           WWWwwww              WWWW                         |
|                               wWWWWwww       wWWWWW                         |
|                                     WwwwwwwwwWWW                            |
|                                                                             |
|                                                                             |
|                                                                             |
|  by:   Wolfgang Kilian, Thorsten Ohl, Juergen Reuter                        |
|        with contributions from Christian Speckner                           |
|        Contact: <whizard@desy.de>                                           |
|                                                                             |
|  if you use WHIZARD please cite:                                            |
|        W. Kilian, T. Ohl, J. Reuter,  Eur.Phys.J.C71 (2011) 1742            |
|                                          [arXiv: 0708.4233 [hep-ph]]        |
|        M. Moretti, T. Ohl, J. Reuter, arXiv: hep-ph/0102195                 |
|                                                                             |
|=============================================================================|
|                               WHIZARD 3.1.0
|=============================================================================|
| Reading model file '/cvmfs/sw.hsf.org/spackages7/whizard/3.1.0/x86_64-centos7-gcc11.2.0-opt/z72ic/share/whizard/models/SM.mdl'
| Preloaded model: SM
| Process library 'default_lib': initialized
| Preloaded library: default_lib
| Reading model file '/cvmfs/sw.hsf.org/spackages7/whizard/3.1.0/x86_64-centos7-gcc11.2.0-opt/z72ic/share/whizard/models/SM_hadrons.mdl'
| Reading commands from file 'card.sin'
n_events = 1
seed = 126790431
| Switching to model 'SM', scheme 'default'
SM.mH =>  1.250000000000E+02
sqrts =  9.120000000000E+01
SM.ms =>  0.000000000000E+00
| Process library 'default_lib': recorded process 'proc'
?keep_beams = true
?keep_remnants = true
gaussian_spread1 =  8.900000000000E-04
gaussian_spread2 =  8.900000000000E-04
?isr_handler = true
$isr_handler_mode = "recoil"
isr_alpha =  7.299300000000E-03
isr_mass =  5.110000000000E-04
?ps_fsr_active = true
?ps_isr_active = false
?hadronization_active = true
$shower_method = "PYTHIA6"
$ps_PYTHIA_PYGIVE = "MSTJ(28)=0; PMAS(25,1)=125.1; PMAS(25,2)=0.4143E-02; MSTJ(41)=2; MSTU(22)=2000; PARJ(21)=0.40000; PARJ(41)=0.11000; PARJ(42)=0.52000; PARJ(81)=0.25000; PARJ(82)=1.90000; MSTJ(11)=3; PARJ(54)=-0.03100; PARJ(55)=-0.00200; PARJ(1)=0.08500; PARJ(3)=0.45000; PARJ(4)=0.02500; PARJ(2)=0.31000; PARJ(11)=0.60000; PARJ(12)=0.40000; PARJ(13)=0.72000; PARJ(14)=0.43000; PARJ(15)=0.08000; PARJ(16)=0.08000; PARJ(17)=0.17000; MSTP(3)=1;MSTP(71)=1;  MSTP(151)=1; PARP(151)=0.0098; PARP(152)=2.54e-5; PARP(153)=0.646; PARP(154)=1.937; MSTJ(22)=4; PARJ(73)=2250; PARJ(74)=2500"
| Integrate: current process library needs compilation
| Process library 'default_lib': compiling ...
| Process library 'default_lib': writing makefile
| Process library 'default_lib': writing driver
| Process library 'default_lib': creating source code
  RM        proc_i1.f90,.mod,.lo
  OMEGA     proc_i1.f90
[1/1] e- e+ -> e- e+ ... allowed. [time: 0.34 secs, total: 0.34 secs, remaining: 0.00 secs]
all processes done. [total time: 0.34 secs]
SUMMARY: 12 fusions, 4 propagators, 4 diagrams
SUMMARY: 4 vertices
| Process library 'default_lib': compiling sources
  FC        default_lib.lo
| Process library 'default_lib': linking
  FCLD      default_lib.la
| Process library 'default_lib': loading
| Process library 'default_lib': ... success.
| Integrate: compilation done
| RNG: Initializing TAO random-number generator
| RNG: Setting seed for random-number generator to 11039
| Initializing integration for process proc:
| Beam structure: e-, e+ => gaussian => isr
| Beam data (collision):
|   e-  (mass = 5.1099700E-04 GeV)
|   e+  (mass = 5.1099700E-04 GeV)
|   sqrts = 9.120000000000E+01 GeV
| RNG: Initializing TAO random-number generator
| RNG: Setting seed for random-number generator to 11040
| Phase space: generating configuration ...
| Phase space: ... success.
| Phase space: writing configuration file 'proc.i1.phs'
| ------------------------------------------------------------------------
| Process [scattering]: 'proc'
|   Library name  = 'default_lib'
|   Process index = 1
|   Process components:
|     1: 'proc_i1':   e-, e+ => e-, e+ [omega]
| ------------------------------------------------------------------------
| Phase space: 4 channels, 2 dimensions
| Phase space: found 4 channels, collected in 3 groves.
| Phase space: Using 4 equivalences between channels.
| Phase space: wood
| Beam structure: gaussian => isr, none => none, isr
| Beam structure: 2 channels, 2 dimensions
| Applying user-defined cuts.
| Starting integration for process 'proc'
| Integrate: iterations = 10:100000:"gw", 5:200000:""
| Integrator: 3 chains, 4 channels, 4 dimensions
| Integrator: Using VAMP channel equivalences
| Integrator: 100000 initial calls, 20 bins, stratified = T
| Integrator: VAMP
|=============================================================================|
| It      Calls  Integral[fb]  Error[fb]   Err[%]    Acc  Eff[%]   Chi2 N[It] |
|=============================================================================|
   1      80000  2.3934344E+04  2.35E+03    9.84   27.82*   0.05
   2      88220  3.4668615E+04  3.15E+03    9.10   27.03*   0.03
   3      81345  4.5676052E+04  3.95E+03    8.65   24.66*   0.03
   4      80112  1.8945709E+05  9.97E+04   52.64  149.00    0.01
   5      80870  4.2896397E+05  3.65E+05   85.02  241.77    0.00
   6      89174  1.6185659E+05  5.55E+04   34.26  102.32*   0.00
   7      93557  7.3158099E+04  3.33E+03    4.55   13.91*   0.05
   8      99492  8.4751273E+04  9.64E+03   11.38   35.89    0.01
   9      94367  7.6187149E+04  2.47E+03    3.24    9.97*   0.08
  10      89607  8.8010539E+04  3.29E+03    3.74   11.20    0.09
|-----------------------------------------------------------------------------|
  10     876744  5.5401023E+04  1.19E+03    2.15   20.16    0.09   49.01  10
|-----------------------------------------------------------------------------|
  11     197058  9.8580290E+04  8.31E+03    8.43   37.43    0.02
  12     197058  9.8113769E+05  8.89E+05   90.58  402.09    0.00
  13     197058  9.9813026E+04  8.22E+03    8.24   36.57*   0.00
  14     197058  7.0183805E+05  5.99E+05   85.40  379.08    0.00
  15     197058  1.2307878E+05  2.48E+04   20.15   89.45*   0.00
|-----------------------------------------------------------------------------|
  15     985290  1.0055036E+05  5.69E+03    5.66   56.17    0.00    0.72   5
|=============================================================================|
| Time estimate for generating 10000 events: 2d:11h:50m:15s
$extension_stdhep = "stdhep"
checkpoint = 100
| Starting simulation for process 'proc'
| Simulate: using integration grids from file 'proc.m1.vg'
| Simulate: activating ISR handler
| Simulate: ISR/EPA handler mode: pair recoil
| Simulate: activating parton shower
     MSTU(12)       changed from              0 to          12345
| Shower: Using PYTHIA6 shower
| Simulate: activating hadronization
| Hadronization: Using PYTHIA6 interface for hadronization and decays
| RNG: Initializing TAO random-number generator
| RNG: Setting seed for random-number generator to 11041
| Simulation: requested number of events = 1
|             corr. to luminosity [fb-1] =   9.9453E-06
| Events: writing to STDHEP file 'proc.stdhep'
| Events: writing to raw file 'proc.evx'
| Events: generating 1 unweighted, unpolarized events ...
| Events: event normalization mode '1'
1****************** PYINIT: initialization of PYTHIA routines *****************

 ==============================================================================
 I                                                                            I
 I         PYTHIA will be initialized for e- on e+ user configuration         I
 I            with     45.600 GeV on     45.600 GeV beam energies             I
 I                                                                            I
 I           corresponding to     91.200 GeV center-of-mass energy            I
 I                                                                            I
 ==============================================================================

 ******** PYMAXI: summary of differential cross-section maximum search ********

           ==========================================================
           I                                      I                 I
           I  ISUB  Subprocess name               I  Maximum value  I
           I                                      I                 I
           ==========================================================
           I                                      I                 I
           I    4   User process 1                I    1.0000D-12   I
           I                                      I                 I
           ==========================================================

 ********************** PYINIT: initialization completed **********************
| 
| |===================================================================|
| | % complete | events generated | events remaining | time remaining
| |===================================================================|
|      0.0               0                  1              ???
|    100.0               1                  0              0m:00s
| |===================================================================|
| 
|         ... event sample complete.
| Events: actual unweighting efficiency =   0.00 %
| Events: closing STDHEP file 'proc.stdhep'
| Events: closing raw file 'proc.evx'
| WHIZARD run finished.
|=============================================================================|


          ********************************************************
          *       STDHEP version 5.06.01 -  November 20, 2007    *
          ********************************************************


 STDXWOPEN WARNING: I/O is initialized for stdhep only

          STDXEND:        575 words i/o with    10260 efficiency 
finished run
------------GOOD COPY
stdhep.gz file successfully copied on eos
import FCC-ee config
version  winter2023
yamldir =  /afs/cern.ch/work/f/fccsw/public/FCCDicts/yaml/FCCee/stdhep/winter2023/
indir = /eos/user/k/kmekhema/whizard_products/stdhep/winter2023/
sending jobs
run locally
preparing to send Whizard jobs to produce stdhep files for process wzp6_ee_ee_Mee_0_30_ecm90
njobs= 1
stdhepdir = /eos/user/k/kmekhema/whizard_products/stdhep/winter2023/wzp6_ee_ee_Mee_0_30_ecm90
will run locally
succesfully sent 1  job(s)
