import FCC-ee config
('version ', 'winter2023')
('yamldir = ', '/afs/cern.ch/work/f/fccsw/public/FCCDicts/yaml/FCCee/stdhep/winter2023/')
('indir =', '/eos/user/k/kmekhema/whizard_products/stdhep/winter2023/')
/eos/user/k/kmekhema/jobs/wzp6_ee_ll_ecm90/job153332708_wzp6_ee_ll_ecm90
Setting up the latest Key4HEP software stack from CVMFS ...
 ...  Key4HEP release: key4hep-stack/2023-04-08
 ... Use the following command to reproduce the current environment: 
 ... 
         source /cvmfs/sw.hsf.org/spackages7/key4hep-stack/2023-04-08/x86_64-centos7-gcc11.2.0-opt/urwcv/setup.sh
 ... 
 ... done. 
------------GOOD COPY
| Writing log to 'whizard.log'
|=============================================================================|
|                                                                             |
|    WW             WW  WW   WW  WW  WWWWWW      WW      WWWWW    WWWW        |
|     WW    WW     WW   WW   WW  WW     WW      WWWW     WW  WW   WW  WW      |
|      WW  WW WW  WW    WWWWWWW  WW    WW      WW  WW    WWWWW    WW   WW     |
|       WWWW   WWWW     WW   WW  WW   WW      WWWWWWWW   WW  WW   WW  WW      |
|        WW     WW      WW   WW  WW  WWWWWW  WW      WW  WW   WW  WWWW        |
|                                                                             |
|                                                                             |
|                                        W                                    |
|                                       sW                                    |
|                                       WW                                    |
|                                      sWW                                    |
|                                      WWW                                    |
|                                     wWWW                                    |
|                                    wWWWW                                    |
|                                    WW WW                                    |
|                                    WW WW                                    |
|                                   wWW WW                                    |
|                                  wWW  WW                                    |
|                                  WW   WW                                    |
|                                  WW   WW                                    |
|                                 WW    WW                                    |
|                                 WW    WW                                    |
|                                WW     WW                                    |
|                                WW     WW                                    |
|           wwwwww              WW      WW                                    |
|              WWWWWww          WW      WW                                    |
|                 WWWWWwwwww   WW       WW                                    |
|                     wWWWwwwwwWW       WW                                    |
|                 wWWWWWWWWWWwWWW       WW                                    |
|                wWWWWW       wW        WWWWWWW                               |
|                  WWWW       wW        WW  wWWWWWWWwww                       |
|                   WWWW                      wWWWWWWWwwww                    |
|                     WWWW                      WWWW     WWw                  |
|                       WWWWww                   WWWW                         |
|                           WWWwwww              WWWW                         |
|                               wWWWWwww       wWWWWW                         |
|                                     WwwwwwwwwWWW                            |
|                                                                             |
|                                                                             |
|                                                                             |
|  by:   Wolfgang Kilian, Thorsten Ohl, Juergen Reuter                        |
|        with contributions from Christian Speckner                           |
|        Contact: <whizard@desy.de>                                           |
|                                                                             |
|  if you use WHIZARD please cite:                                            |
|        W. Kilian, T. Ohl, J. Reuter,  Eur.Phys.J.C71 (2011) 1742            |
|                                          [arXiv: 0708.4233 [hep-ph]]        |
|        M. Moretti, T. Ohl, J. Reuter, arXiv: hep-ph/0102195                 |
|                                                                             |
|=============================================================================|
|                               WHIZARD 3.1.0
|=============================================================================|
| Reading model file '/cvmfs/sw.hsf.org/spackages7/whizard/3.1.0/x86_64-centos7-gcc11.2.0-opt/z72ic/share/whizard/models/SM.mdl'
| Preloaded model: SM
| Process library 'default_lib': initialized
| Preloaded library: default_lib
| Reading model file '/cvmfs/sw.hsf.org/spackages7/whizard/3.1.0/x86_64-centos7-gcc11.2.0-opt/z72ic/share/whizard/models/SM_hadrons.mdl'
| Reading commands from file 'card.sin'
n_events = 10000
seed = 153332708
| Switching to model 'SM', scheme 'default'
SM.mH =>  1.250000000000E+02
sqrts =  9.120000000000E+01
SM.ms =>  0.000000000000E+00
| Process library 'default_lib': recorded process 'proc'
?keep_beams = true
?keep_remnants = true
gaussian_spread1 =  8.900000000000E-04
gaussian_spread2 =  8.900000000000E-04
?isr_handler = true
$isr_handler_mode = "recoil"
isr_alpha =  7.299300000000E-03
isr_mass =  5.110000000000E-04
?ps_fsr_active = true
?ps_isr_active = false
?hadronization_active = true
$shower_method = "PYTHIA6"
$ps_PYTHIA_PYGIVE = "MSTJ(28)=0; PMAS(25,1)=125.1; PMAS(25,2)=0.4143E-02; MSTJ(41)=2; MSTU(22)=2000; PARJ(21)=0.40000; PARJ(41)=0.11000; PARJ(42)=0.52000; PARJ(81)=0.25000; PARJ(82)=1.90000; MSTJ(11)=3; PARJ(54)=-0.03100; PARJ(55)=-0.00200; PARJ(1)=0.08500; PARJ(3)=0.45000; PARJ(4)=0.02500; PARJ(2)=0.31000; PARJ(11)=0.60000; PARJ(12)=0.40000; PARJ(13)=0.72000; PARJ(14)=0.43000; PARJ(15)=0.08000; PARJ(16)=0.08000; PARJ(17)=0.17000; MSTP(3)=1;MSTP(71)=1;  MSTP(151)=1; PARP(151)=0.0098; PARP(152)=2.54e-5; PARP(153)=0.646; PARP(154)=1.937; MSTJ(22)=4; PARJ(73)=2250; PARJ(74)=2500"
| Integrate: current process library needs compilation
| Process library 'default_lib': compiling ...
| Process library 'default_lib': writing makefile
| Process library 'default_lib': writing driver
| Process library 'default_lib': creating source code
  RM        proc_i1.f90,.mod,.lo
  RM        proc_i2.f90,.mod,.lo
  OMEGA     proc_i1.f90
[1/1] e- e+ -> mu- mu+ ... allowed. [time: 0.23 secs, total: 0.23 secs, remaining: 0.00 secs]
all processes done. [total time: 0.23 secs]
SUMMARY: 6 fusions, 2 propagators, 2 diagrams
SUMMARY: 4 vertices
  OMEGA     proc_i2.f90
[1/1] e- e+ -> tau- tau+ ... allowed. [time: 0.22 secs, total: 0.22 secs, remaining: 0.00 secs]
all processes done. [total time: 0.22 secs]
SUMMARY: 6 fusions, 2 propagators, 2 diagrams
SUMMARY: 4 vertices
| Process library 'default_lib': compiling sources
  FC        default_lib.lo
| Process library 'default_lib': linking
  FCLD      default_lib.la
| Process library 'default_lib': loading
| Process library 'default_lib': ... success.
| Integrate: compilation done
| RNG: Initializing TAO random-number generator
| RNG: Setting seed for random-number generator to 11236
| Initializing integration for process proc:
| Beam structure: e-, e+ => gaussian => isr
| Beam data (collision):
|   e-  (mass = 5.1099700E-04 GeV)
|   e+  (mass = 5.1099700E-04 GeV)
|   sqrts = 9.120000000000E+01 GeV
| RNG: Initializing TAO random-number generator
| RNG: Setting seed for random-number generator to 11237
| Phase space: generating configuration ...
| Phase space: ... success.
| Phase space: writing configuration file 'proc.i1.phs'
| Phase space: generating configuration ...
| Phase space: ... success.
| Phase space: writing configuration file 'proc.i2.phs'
| ------------------------------------------------------------------------
| Process [scattering]: 'proc'
|   Library name  = 'default_lib'
|   Process index = 1
|   Process components:
|     1: 'proc_i1':   e-, e+ => mu-, mu+ [omega]
|     2: 'proc_i2':   e-, e+ => tau-, tau+ [omega]
| ------------------------------------------------------------------------
| Phase space: 2 channels, 2 dimensions
| Phase space: found 2 channels, collected in 2 groves.
| Phase space: Using 2 equivalences between channels.
| Phase space: wood
| Phase space: 2 channels, 2 dimensions
| Phase space: found 2 channels, collected in 2 groves.
| Phase space: Using 2 equivalences between channels.
| Phase space: wood
| Beam structure: gaussian => isr, none => none, isr
| Beam structure: 2 channels, 2 dimensions
Warning: No cuts have been defined.
| Starting integration for process 'proc' part 1
| Integrate: iterations = 10:100000:"gw", 5:200000:""
| Integrator: 2 chains, 2 channels, 4 dimensions
| Integrator: Using VAMP channel equivalences
| Integrator: 100000 initial calls, 20 bins, stratified = T
| Integrator: VAMP
|=============================================================================|
| It      Calls  Integral[fb]  Error[fb]   Err[%]    Acc  Eff[%]   Chi2 N[It] |
|=============================================================================|
   1      82944  1.5576231E+06  2.13E+04    1.37    3.94*   0.22
   2      92208  1.5802480E+06  1.51E+04    0.96    2.91*   0.29
   3      92208  1.6289804E+06  3.58E+04    2.20    6.68    0.12
   4      82208  1.6989549E+06  6.00E+04    3.53   10.13    0.05
   5      96832  1.6668781E+06  2.72E+04    1.63    5.07*   0.08
   6      82208  1.8389323E+06  1.42E+05    7.75   22.21    0.02
   7      90058  1.6752166E+06  1.57E+04    0.94    2.81*   0.24
   8      82208  1.7444826E+06  6.01E+04    3.45    9.88    0.05
   9      95434  1.8593148E+06  7.45E+04    4.01   12.37    0.05
  10      91585  1.7430075E+06  1.46E+04    0.84    2.54*   0.42
|-----------------------------------------------------------------------------|
  10     887893  1.6566889E+06  7.41E+03    0.45    4.21    0.42   10.64  10
|-----------------------------------------------------------------------------|
  11     196936  1.8424851E+06  1.20E+05    6.51   28.87    0.01
  12     196936  1.7344071E+06  1.13E+04    0.65    2.88*   0.01
  13     196936  1.7349214E+06  9.39E+03    0.54    2.40*   0.01
  14     196936  1.7271543E+06  8.49E+03    0.49    2.18*   0.01
  15     196936  1.7898936E+06  4.04E+04    2.26   10.01    0.01
|-----------------------------------------------------------------------------|
  15     984680  1.7328319E+06  5.44E+03    0.31    3.11    0.01    0.84   5
|=============================================================================|
| Time estimate for generating 10000 events: 0d:00h:41m:40s
| Starting integration for process 'proc' part 2
| Integrate: iterations = 10:100000:"gw", 5:200000:""
| Integrator: 2 chains, 2 channels, 4 dimensions
| Integrator: Using VAMP channel equivalences
| Integrator: 100000 initial calls, 20 bins, stratified = T
| Integrator: VAMP
|=============================================================================|
| It      Calls  Integral[fb]  Error[fb]   Err[%]    Acc  Eff[%]   Chi2 N[It] |
|=============================================================================|
   1      82944  1.5218919E+06  1.05E+03    0.07    0.20*  13.47
   2      92208  1.6529513E+06  1.12E+05    6.78   20.58    0.05
   3      96832  1.5809634E+06  8.90E+03    0.56    1.75*   0.47
   4      92208  1.7719829E+06  1.07E+05    6.06   18.41    0.03
   5      93932  1.6275172E+06  1.11E+04    0.68    2.08*   0.50
   6      92208  1.6596931E+06  1.70E+04    1.03    3.12    0.17
   7      92208  1.8721193E+06  1.87E+05   10.00   30.35    0.02
   8      89336  1.6993102E+06  4.23E+04    2.49    7.44*   0.05
   9      94160  1.7941684E+06  9.48E+04    5.28   16.22    0.02
  10      88727  1.9605657E+06  1.76E+05    8.99   26.78    0.02
|-----------------------------------------------------------------------------|
  10     914763  1.5243493E+06  1.04E+03    0.07    0.65    0.02   26.39  10
|-----------------------------------------------------------------------------|
  11     199128  1.7659941E+06  2.30E+04    1.30    5.81*   0.07
  12     199128  1.7016562E+06  1.16E+04    0.68    3.05*   0.07
  13     199128  1.7278861E+06  1.53E+04    0.88    3.95    0.07
  14     199128  1.7912358E+06  5.87E+04    3.28   14.63    0.02
  15     199128  1.7744015E+06  3.22E+04    1.82    8.11*   0.02
|-----------------------------------------------------------------------------|
  15     995640  1.7239574E+06  8.22E+03    0.48    4.76    0.02    2.71   5
|=============================================================================|
| Time estimate for generating 10000 events: 0d:00h:20m:59s
| Integrate: sum of all components
|=============================================================================|
| It      Calls  Integral[fb]  Error[fb]   Err[%]    Acc  Eff[%]   Chi2 N[It] |
|=============================================================================|
   1          0  3.4567893E+06  9.86E+03    0.29    0.00*   0.01
|=============================================================================|
$extension_stdhep = "stdhep"
checkpoint = 100
| Starting simulation for process 'proc'
| Simulate: using integration grids from file 'proc.m1.vg'
| Simulate: using integration grids from file 'proc.m2.vg'
| Simulate: activating ISR handler
| Simulate: ISR/EPA handler mode: pair recoil
| Simulate: activating parton shower
     MSTU(12)       changed from              0 to          12345
| Shower: Using PYTHIA6 shower
| Simulate: activating hadronization
| Hadronization: Using PYTHIA6 interface for hadronization and decays
| RNG: Initializing TAO random-number generator
| RNG: Setting seed for random-number generator to 11238
| Simulation: requested number of events = 10000
|             corr. to luminosity [fb-1] =   2.8929E-03
| Events: writing to STDHEP file 'proc.stdhep'
| Events: writing to raw file 'proc.evx'
| Events: generating 10000 unweighted, unpolarized events ...
| Events: event normalization mode '1'
1****************** PYINIT: initialization of PYTHIA routines *****************

 ==============================================================================
 I                                                                            I
 I         PYTHIA will be initialized for e- on e+ user configuration         I
 I            with     45.600 GeV on     45.600 GeV beam energies             I
 I                                                                            I
 I           corresponding to     91.200 GeV center-of-mass energy            I
 I                                                                            I
 ==============================================================================

 ******** PYMAXI: summary of differential cross-section maximum search ********

           ==========================================================
           I                                      I                 I
           I  ISUB  Subprocess name               I  Maximum value  I
           I                                      I                 I
           ==========================================================
           I                                      I                 I
           I    4   User process 1                I    1.0000D-12   I
           I                                      I                 I
           ==========================================================

 ********************** PYINIT: initialization completed **********************
| 
| |===================================================================|
| | % complete | events generated | events remaining | time remaining
| |===================================================================|
|      0.0               0              10000              ???
|      1.0             100               9900              30m:12s
|      2.0             200               9800              32m:23s
|      3.0             300               9700              31m:40s
|      4.0             400               9600              29m:54s
|      5.0             500               9500              29m:10s
|      6.0             600               9400              28m:03s
|      7.0             700               9300              28m:03s
|      8.0             800               9200              28m:15s
|      9.0             900               9100              27m:24s
|     10.0            1000               9000              27m:33s
|     11.0            1100               8900              27m:24s
|     12.0            1200               8800              26m:53s
|     13.0            1300               8700              27m:10s
|     14.0            1400               8600              26m:41s
|     15.0            1500               8500              26m:35s
|     16.0            1600               8400              26m:19s
|     17.0            1700               8300              26m:04s
|     18.0            1800               8200              25m:47s
|     19.0            1900               8100              25m:31s
|     20.0            2000               8000              25m:20s
|     21.0            2100               7900              25m:00s
|     22.0            2200               7800              24m:55s
|     23.0            2300               7700              24m:29s
|     24.0            2400               7600              24m:02s
|     25.0            2500               7500              23m:47s
|     26.0            2600               7400              23m:32s
|     27.0            2700               7300              23m:09s
|     28.0            2800               7200              22m:49s
|     29.0            2900               7100              22m:25s
|     30.0            3000               7000              22m:04s
|     31.0            3100               6900              21m:38s
|     32.0            3200               6800              21m:21s
|     33.0            3300               6700              21m:02s
|     34.0            3400               6600              20m:40s
|     35.0            3500               6500              20m:20s
|     36.0            3600               6400              19m:59s
|     37.0            3700               6300              19m:36s
|     38.0            3800               6200              19m:16s
|     39.0            3900               6100              18m:58s
|     40.0            4000               6000              18m:36s
|     41.0            4100               5900              18m:20s
|     42.0            4200               5800              17m:59s
|     43.0            4300               5700              17m:42s
|     44.0            4400               5600              17m:24s
|     45.0            4500               5500              17m:02s
|     46.0            4600               5400              16m:46s
|     47.0            4700               5300              16m:31s
|     48.0            4800               5200              16m:14s
|     49.0            4900               5100              15m:54s
|     50.0            5000               5000              15m:32s
|     51.0            5100               4900              15m:13s
|     52.0            5200               4800              14m:51s
|     53.0            5300               4700              14m:34s
|     54.0            5400               4600              14m:14s
|     55.0            5500               4500              13m:56s
|     56.0            5600               4400              13m:38s
|     57.0            5700               4300              13m:22s
|     58.0            5800               4200              13m:02s
|     59.0            5900               4100              12m:44s
|     60.0            6000               4000              12m:25s
|     61.0            6100               3900              12m:05s
|     62.0            6200               3800              11m:47s
|     63.0            6300               3700              11m:27s
|     64.0            6400               3600              11m:10s
|     65.0            6500               3500              10m:50s
|     66.0            6600               3400              10m:30s
|     67.0            6700               3300              10m:09s
|     68.0            6800               3200              9m:51s
|     69.0            6900               3100              9m:32s
|     70.0            7000               3000              9m:15s
|     71.0            7100               2900              8m:56s
|     72.0            7200               2800              8m:36s
|     73.0            7300               2700              8m:18s
|     74.0            7400               2600              8m:01s
|     75.0            7500               2500              7m:44s
|     76.0            7600               2400              7m:25s
|     77.0            7700               2300              7m:06s
|     78.0            7800               2200              6m:47s
|     79.0            7900               2100              6m:28s
|     80.0            8000               2000              6m:10s
|     81.0            8100               1900              5m:51s
|     82.0            8200               1800              5m:32s
|     83.0            8300               1700              5m:14s
|     84.0            8400               1600              4m:56s
|     85.0            8500               1500              4m:37s
|     86.0            8600               1400              4m:19s
|     87.0            8700               1300              4m:00s
|     88.0            8800               1200              3m:42s
|     89.0            8900               1100              3m:23s
|     90.0            9000               1000              3m:05s
|     91.0            9100                900              2m:46s
|     92.0            9200                800              2m:28s
|     93.0            9300                700              2m:09s
|     94.0            9400                600              1m:51s
|     95.0            9500                500              1m:32s
|     96.0            9600                400              1m:14s
|     97.0            9700                300              0m:55s
|     98.0            9800                200              0m:37s
|     99.0            9900                100              0m:19s
|    100.0           10000                  0              0m:00s
| |===================================================================|
| 
|         ... event sample complete.
| Events: actual unweighting efficiency =   0.01 %
Warning: Encountered events with excess weight: 30 events (  0.300 %)
| Maximum excess weight = 2.556E+01
| Average excess weight = 8.488E-03
| Events: closing STDHEP file 'proc.stdhep'
| Events: closing raw file 'proc.evx'
| There were no errors and    2 warning(s).
| WHIZARD run finished.
|=============================================================================|


          ********************************************************
          *       STDHEP version 5.06.01 -  November 20, 2007    *
          ********************************************************


 STDXWOPEN WARNING: I/O is initialized for stdhep only

          STDXEND:    4536345 words i/o with     9624 efficiency 
finished run
------------GOOD COPY
stdhep.gz file successfully copied on eos
sending jobs
run locally
preparing to send Whizard jobs to produce stdhep files for process wzp6_ee_ll_ecm90
('njobs=', 1)
('stdhepdir =', '/eos/user/k/kmekhema/whizard_products/stdhep/winter2023/wzp6_ee_ll_ecm90')
will run locally
succesfully sent 1  job(s)
