import FCC-ee config
('version ', 'winter2023')
('yamldir = ', '/afs/cern.ch/work/f/fccsw/public/FCCDicts/yaml/FCCee/stdhep/winter2023/')
('indir =', '/eos/user/k/kmekhema/whizard_products/stdhep/winter2023/')
/eos/user/k/kmekhema/jobs/wzp6_ee_qq_ecm365/job042676536_wzp6_ee_qq_ecm365
Setting up the latest Key4HEP software stack from CVMFS ...
 ...  Key4HEP release: key4hep-stack/2023-04-08
 ... Use the following command to reproduce the current environment: 
 ... 
         source /cvmfs/sw.hsf.org/spackages7/key4hep-stack/2023-04-08/x86_64-centos7-gcc11.2.0-opt/urwcv/setup.sh
 ... 
 ... done. 
------------GOOD COPY
| Writing log to 'whizard.log'
|=============================================================================|
|                                                                             |
|    WW             WW  WW   WW  WW  WWWWWW      WW      WWWWW    WWWW        |
|     WW    WW     WW   WW   WW  WW     WW      WWWW     WW  WW   WW  WW      |
|      WW  WW WW  WW    WWWWWWW  WW    WW      WW  WW    WWWWW    WW   WW     |
|       WWWW   WWWW     WW   WW  WW   WW      WWWWWWWW   WW  WW   WW  WW      |
|        WW     WW      WW   WW  WW  WWWWWW  WW      WW  WW   WW  WWWW        |
|                                                                             |
|                                                                             |
|                                        W                                    |
|                                       sW                                    |
|                                       WW                                    |
|                                      sWW                                    |
|                                      WWW                                    |
|                                     wWWW                                    |
|                                    wWWWW                                    |
|                                    WW WW                                    |
|                                    WW WW                                    |
|                                   wWW WW                                    |
|                                  wWW  WW                                    |
|                                  WW   WW                                    |
|                                  WW   WW                                    |
|                                 WW    WW                                    |
|                                 WW    WW                                    |
|                                WW     WW                                    |
|                                WW     WW                                    |
|           wwwwww              WW      WW                                    |
|              WWWWWww          WW      WW                                    |
|                 WWWWWwwwww   WW       WW                                    |
|                     wWWWwwwwwWW       WW                                    |
|                 wWWWWWWWWWWwWWW       WW                                    |
|                wWWWWW       wW        WWWWWWW                               |
|                  WWWW       wW        WW  wWWWWWWWwww                       |
|                   WWWW                      wWWWWWWWwwww                    |
|                     WWWW                      WWWW     WWw                  |
|                       WWWWww                   WWWW                         |
|                           WWWwwww              WWWW                         |
|                               wWWWWwww       wWWWWW                         |
|                                     WwwwwwwwwWWW                            |
|                                                                             |
|                                                                             |
|                                                                             |
|  by:   Wolfgang Kilian, Thorsten Ohl, Juergen Reuter                        |
|        with contributions from Christian Speckner                           |
|        Contact: <whizard@desy.de>                                           |
|                                                                             |
|  if you use WHIZARD please cite:                                            |
|        W. Kilian, T. Ohl, J. Reuter,  Eur.Phys.J.C71 (2011) 1742            |
|                                          [arXiv: 0708.4233 [hep-ph]]        |
|        M. Moretti, T. Ohl, J. Reuter, arXiv: hep-ph/0102195                 |
|                                                                             |
|=============================================================================|
|                               WHIZARD 3.1.0
|=============================================================================|
| Reading model file '/cvmfs/sw.hsf.org/spackages7/whizard/3.1.0/x86_64-centos7-gcc11.2.0-opt/z72ic/share/whizard/models/SM.mdl'
| Preloaded model: SM
| Process library 'default_lib': initialized
| Preloaded library: default_lib
| Reading model file '/cvmfs/sw.hsf.org/spackages7/whizard/3.1.0/x86_64-centos7-gcc11.2.0-opt/z72ic/share/whizard/models/SM_hadrons.mdl'
| Reading commands from file 'card.sin'
n_events = 10000
seed = 42676536
| Switching to model 'SM', scheme 'default'
SM.mH =>  1.250000000000E+02
sqrts =  3.650000000000E+02
SM.ms =>  0.000000000000E+00
[user variable] q = PDG(2, 1, 3)
[user variable] Q = PDG(-2, -1, -3)
| Process library 'default_lib': recorded process 'proc'
?keep_beams = true
?keep_remnants = true
gaussian_spread1 =  8.900000000000E-04
gaussian_spread2 =  8.900000000000E-04
?isr_handler = true
$isr_handler_mode = "recoil"
isr_alpha =  7.299300000000E-03
isr_mass =  5.110000000000E-04
?ps_fsr_active = true
?ps_isr_active = false
?hadronization_active = true
$shower_method = "PYTHIA6"
$ps_PYTHIA_PYGIVE = "MSTJ(28)=0; PMAS(25,1)=125.1; PMAS(25,2)=0.4143E-02; MSTJ(41)=2; MSTU(22)=2000; PARJ(21)=0.40000; PARJ(41)=0.11000; PARJ(42)=0.52000; PARJ(81)=0.25000; PARJ(82)=1.90000; MSTJ(11)=3; PARJ(54)=-0.03100; PARJ(55)=-0.00200; PARJ(1)=0.08500; PARJ(3)=0.45000; PARJ(4)=0.02500; PARJ(2)=0.31000; PARJ(11)=0.60000; PARJ(12)=0.40000; PARJ(13)=0.72000; PARJ(14)=0.43000; PARJ(15)=0.08000; PARJ(16)=0.08000; PARJ(17)=0.17000; MSTP(3)=1;MSTP(71)=1;  MSTP(151)=1; PARP(151)=0.0098; PARP(152)=2.54e-5; PARP(153)=0.646; PARP(154)=1.937; MSTJ(22)=4; PARJ(73)=2250; PARJ(74)=2500"
| Integrate: current process library needs compilation
| Process library 'default_lib': compiling ...
| Process library 'default_lib': writing makefile
| Process library 'default_lib': writing driver
| Process library 'default_lib': creating source code
  RM        proc_i1.f90,.mod,.lo
  RM        proc_i2.f90,.mod,.lo
  RM        proc_i3.f90,.mod,.lo
  OMEGA     proc_i1.f90
[1/3] e- e+ -> s sbar ... allowed. [time: 0.22 secs, total: 0.67 secs, remaining: 0.45 secs]
[2/3] e- e+ -> d dbar ... allowed. [time: 0.22 secs, total: 0.66 secs, remaining: 0.22 secs]
[3/3] e- e+ -> u ubar ... allowed. [time: 0.22 secs, total: 0.66 secs, remaining: 0.00 secs]
all processes done. [total time: 0.66 secs]
SUMMARY: 6 fusions, 2 propagators, 2 diagrams
SUMMARY: 6 fusions, 2 propagators, 2 diagrams
SUMMARY: 6 fusions, 2 propagators, 2 diagrams
SUMMARY: 6 vertices
  OMEGA     proc_i2.f90
[1/1] e- e+ -> c cbar ... allowed. [time: 0.23 secs, total: 0.23 secs, remaining: 0.00 secs]
all processes done. [total time: 0.23 secs]
SUMMARY: 6 fusions, 2 propagators, 2 diagrams
SUMMARY: 4 vertices
  OMEGA     proc_i3.f90
[1/1] e- e+ -> b bbar ... allowed. [time: 0.23 secs, total: 0.23 secs, remaining: 0.00 secs]
all processes done. [total time: 0.23 secs]
SUMMARY: 6 fusions, 2 propagators, 2 diagrams
SUMMARY: 4 vertices
| Process library 'default_lib': compiling sources
  FC        default_lib.lo
| Process library 'default_lib': linking
  FCLD      default_lib.la
| Process library 'default_lib': loading
| Process library 'default_lib': ... success.
| Integrate: compilation done
| RNG: Initializing TAO random-number generator
| RNG: Setting seed for random-number generator to 12600
| Initializing integration for process proc:
| Beam structure: e-, e+ => gaussian => isr
| Beam data (collision):
|   e-  (mass = 5.1099700E-04 GeV)
|   e+  (mass = 5.1099700E-04 GeV)
|   sqrts = 3.650000000000E+02 GeV
| RNG: Initializing TAO random-number generator
| RNG: Setting seed for random-number generator to 12601
| Phase space: generating configuration ...
| Phase space: ... success.
| Phase space: writing configuration file 'proc.i1.phs'
| Phase space: generating configuration ...
| Phase space: ... success.
| Phase space: writing configuration file 'proc.i2.phs'
| Phase space: generating configuration ...
| Phase space: ... success.
| Phase space: writing configuration file 'proc.i3.phs'
| ------------------------------------------------------------------------
| Process [scattering]: 'proc'
|   Library name  = 'default_lib'
|   Process index = 1
|   Process components:
|     1: 'proc_i1':   e-, e+ => u:d:s, ubar:dbar:sbar [omega]
|     2: 'proc_i2':   e-, e+ => c, cbar [omega]
|     3: 'proc_i3':   e-, e+ => b, bbar [omega]
| ------------------------------------------------------------------------
| Phase space: 2 channels, 2 dimensions
| Phase space: found 2 channels, collected in 2 groves.
| Phase space: Using 2 equivalences between channels.
| Phase space: wood
| Phase space: 2 channels, 2 dimensions
| Phase space: found 2 channels, collected in 2 groves.
| Phase space: Using 2 equivalences between channels.
| Phase space: wood
| Phase space: 2 channels, 2 dimensions
| Phase space: found 2 channels, collected in 2 groves.
| Phase space: Using 2 equivalences between channels.
| Phase space: wood
| Beam structure: gaussian => isr, none => none, isr
| Beam structure: 2 channels, 2 dimensions
Warning: No cuts have been defined.
| Starting integration for process 'proc' part 1
| Integrate: iterations = 10:100000:"gw", 5:200000:""
| Integrator: 2 chains, 2 channels, 4 dimensions
| Integrator: Using VAMP channel equivalences
| Integrator: 100000 initial calls, 20 bins, stratified = T
| Integrator: VAMP
|=============================================================================|
| It      Calls  Integral[fb]  Error[fb]   Err[%]    Acc  Eff[%]   Chi2 N[It] |
|=============================================================================|
   1      82944  1.3391989E+04  1.42E+02    1.06    3.06*   0.25
   2      81472  1.4314466E+04  5.33E+02    3.72   10.62    0.08
   3      92208  1.3976043E+04  3.37E+02    2.41    7.32*   0.07
   4      82208  1.3911847E+04  2.15E+02    1.55    4.43*   0.21
   5      82944  1.3887299E+04  7.45E+01    0.54    1.54*   0.69
   6      82944  1.3806534E+04  5.26E+01    0.38    1.10*   0.67
   7      82944  1.4114163E+04  1.79E+02    1.27    3.64    0.15
   8      82944  1.3859773E+04  7.99E+01    0.58    1.66*   0.64
   9      82944  1.3905706E+04  5.36E+01    0.39    1.11*   0.68
  10      82944  1.3873126E+04  3.41E+01    0.25    0.71*   4.07
|-----------------------------------------------------------------------------|
  10     836496  1.3860701E+04  2.22E+01    0.16    1.47    4.07    1.75  10
|-----------------------------------------------------------------------------|
  11     197568  1.3912705E+04  2.06E+01    0.15    0.66*   2.26
  12     197568  1.3885786E+04  2.42E+01    0.17    0.77    0.95
  13     197568  1.3908298E+04  2.22E+01    0.16    0.71*   0.95
  14     197568  1.3872846E+04  2.23E+01    0.16    0.72    0.95
  15     197568  1.3925032E+04  5.29E+01    0.38    1.69    0.24
|-----------------------------------------------------------------------------|
  15     987840  1.3897290E+04  1.09E+01    0.08    0.78    0.24    0.63   5
|=============================================================================|
| Time estimate for generating 10000 events: 0d:00h:01m:33s
| Starting integration for process 'proc' part 2
| Integrate: iterations = 10:100000:"gw", 5:200000:""
| Integrator: 2 chains, 2 channels, 4 dimensions
| Integrator: Using VAMP channel equivalences
| Integrator: 100000 initial calls, 20 bins, stratified = T
| Integrator: VAMP
|=============================================================================|
| It      Calls  Integral[fb]  Error[fb]   Err[%]    Acc  Eff[%]   Chi2 N[It] |
|=============================================================================|
   1      82944  4.7674214E+03  1.01E+02    2.12    6.11*   0.10
   2      82944  4.6937863E+03  3.82E+01    0.81    2.35*   0.42
   3      82944  4.6783042E+03  2.19E+01    0.47    1.35*   0.90
   4      82944  4.6633103E+03  1.08E+01    0.23    0.67*   3.68
   5      82944  4.6661655E+03  7.67E+00    0.16    0.47*   8.99
   6      82944  4.6551361E+03  5.18E+00    0.11    0.32*  13.23
   7      82944  4.6567382E+03  4.71E+00    0.10    0.29*  14.09
   8      82944  4.6545086E+03  4.90E+00    0.11    0.30   16.12
   9      71472  4.6575442E+03  5.38E+00    0.12    0.31   13.78
  10      92208  4.6439333E+03  4.92E+00    0.11    0.32   13.47
|-----------------------------------------------------------------------------|
  10     827232  4.6551772E+03  2.09E+00    0.04    0.41   13.47    1.28  10
|-----------------------------------------------------------------------------|
  11     197784  4.6637127E+03  2.95E+00    0.06    0.28*  13.71
  12     197784  4.6567587E+03  2.95E+00    0.06    0.28   13.32
  13     197784  4.6599734E+03  2.96E+00    0.06    0.28   13.22
  14     197784  4.6550494E+03  2.95E+00    0.06    0.28*  13.21
  15     197784  4.6593094E+03  2.96E+00    0.06    0.28   13.12
|-----------------------------------------------------------------------------|
  15     988920  4.6589577E+03  1.32E+00    0.03    0.28   13.12    1.26   5
|=============================================================================|
| Time estimate for generating 10000 events: 0d:00h:00m:02s
| Starting integration for process 'proc' part 3
| Integrate: iterations = 10:100000:"gw", 5:200000:""
| Integrator: 2 chains, 2 channels, 4 dimensions
| Integrator: Using VAMP channel equivalences
| Integrator: 100000 initial calls, 20 bins, stratified = T
| Integrator: VAMP
|=============================================================================|
| It      Calls  Integral[fb]  Error[fb]   Err[%]    Acc  Eff[%]   Chi2 N[It] |
|=============================================================================|
   1      82944  4.2813330E+03  6.15E+00    0.14    0.41*   3.10
   2      71472  4.2731472E+03  4.01E+00    0.09    0.25*  10.70
   3      92208  4.2736049E+03  2.63E+00    0.06    0.19*  18.52
   4      92208  4.2738712E+03  3.10E+00    0.07    0.22   20.39
   5      92208  4.2745932E+03  3.84E+00    0.09    0.27   17.90
   6      71472  4.2775525E+03  4.22E+00    0.10    0.26*  13.20
   7      81472  4.2675429E+03  4.18E+00    0.10    0.28   17.02
   8      82944  4.2709861E+03  3.21E+00    0.08    0.22*  20.50
   9      82944  4.2676973E+03  3.58E+00    0.08    0.24   18.23
  10      82944  4.2749801E+03  3.76E+00    0.09    0.25   18.72
|-----------------------------------------------------------------------------|
  10     832816  4.2729888E+03  1.14E+00    0.03    0.24   18.72    0.87  10
|-----------------------------------------------------------------------------|
  11     197568  4.2763978E+03  2.04E+00    0.05    0.21*  18.39
  12     197568  4.2712351E+03  2.02E+00    0.05    0.21*  17.67
  13     197568  4.2735446E+03  2.04E+00    0.05    0.21   17.61
  14     197568  4.2709581E+03  2.03E+00    0.05    0.21*  17.60
  15     197568  4.2705126E+03  2.03E+00    0.05    0.21*  17.60
|-----------------------------------------------------------------------------|
  15     987840  4.2725152E+03  9.10E-01    0.02    0.21   17.60    1.46   5
|=============================================================================|
| Time estimate for generating 10000 events: 0d:00h:00m:01s
| Integrate: sum of all components
|=============================================================================|
| It      Calls  Integral[fb]  Error[fb]   Err[%]    Acc  Eff[%]   Chi2 N[It] |
|=============================================================================|
   1          0  2.2828763E+04  1.10E+01    0.05    0.00*   0.39
|=============================================================================|
$extension_stdhep = "stdhep"
checkpoint = 100
| Starting simulation for process 'proc'
| Simulate: using integration grids from file 'proc.m1.vg'
| Simulate: using integration grids from file 'proc.m2.vg'
| Simulate: using integration grids from file 'proc.m3.vg'
| Simulate: activating ISR handler
| Simulate: ISR/EPA handler mode: pair recoil
| Simulate: activating parton shower
     MSTU(12)       changed from              0 to          12345
| Shower: Using PYTHIA6 shower
| Simulate: activating hadronization
| Hadronization: Using PYTHIA6 interface for hadronization and decays
| RNG: Initializing TAO random-number generator
| RNG: Setting seed for random-number generator to 12602
| Simulation: requested number of events = 10000
|             corr. to luminosity [fb-1] =   4.3804E-01
| Events: writing to STDHEP file 'proc.stdhep'
| Events: writing to raw file 'proc.evx'
| Events: generating 10000 unweighted, unpolarized events ...
| Events: event normalization mode '1'
1****************** PYINIT: initialization of PYTHIA routines *****************

 ==============================================================================
 I                                                                            I
 I         PYTHIA will be initialized for e- on e+ user configuration         I
 I            with    182.500 GeV on    182.500 GeV beam energies             I
 I                                                                            I
 I           corresponding to    365.000 GeV center-of-mass energy            I
 I                                                                            I
 ==============================================================================

 ******** PYMAXI: summary of differential cross-section maximum search ********

           ==========================================================
           I                                      I                 I
           I  ISUB  Subprocess name               I  Maximum value  I
           I                                      I                 I
           ==========================================================
           I                                      I                 I
           I    4   User process 1                I    1.0000D-12   I
           I                                      I                 I
           ==========================================================

 ********************** PYINIT: initialization completed **********************
| 
| |===================================================================|
| | % complete | events generated | events remaining | time remaining
| |===================================================================|
|      0.0               0              10000              ???

     Advisory warning type 3 given after      170 PYEXEC calls:
     (PYPREP:) too small mass in jet system
|      1.0             100               9900              1m:15s

     Advisory warning type 3 given after      252 PYEXEC calls:
     (PYPREP:) too small mass in jet system

     Advisory warning type 3 given after      260 PYEXEC calls:
     (PYPREP:) too small mass in jet system
|      2.0             200               9800              1m:18s

     Advisory warning type 3 given after      478 PYEXEC calls:
     (PYPREP:) too small mass in jet system

     Advisory warning type 3 given after      486 PYEXEC calls:
     (PYPREP:) too small mass in jet system

     Advisory warning type 3 given after      502 PYEXEC calls:
     (PYPREP:) too small mass in jet system

     Advisory warning type 3 given after      502 PYEXEC calls:
     (PYPREP:) too small mass in jet system

     Advisory warning type 3 given after      518 PYEXEC calls:
     (PYPREP:) too small mass in jet system

     Advisory warning type 3 given after      552 PYEXEC calls:
     (PYPREP:) too small mass in jet system
|      3.0             300               9700              1m:21s

     Advisory warning type 3 given after      730 PYEXEC calls:
     (PYPREP:) too small mass in jet system
|      4.0             400               9600              1m:18s
|      5.0             500               9500              1m:14s
|      6.0             600               9400              1m:11s
|      7.0             700               9300              1m:10s
|      8.0             800               9200              1m:11s
|      9.0             900               9100              1m:10s
|     10.0            1000               9000              1m:08s
|     11.0            1100               8900              1m:09s
|     12.0            1200               8800              1m:09s
|     13.0            1300               8700              1m:08s
|     14.0            1400               8600              1m:07s
|     15.0            1500               8500              1m:06s
|     16.0            1600               8400              1m:06s
|     17.0            1700               8300              1m:05s
|     18.0            1800               8200              1m:04s
|     19.0            1900               8100              1m:03s
|     20.0            2000               8000              1m:02s
|     21.0            2100               7900              1m:02s
|     22.0            2200               7800              1m:01s
|     23.0            2300               7700              1m:01s
|     24.0            2400               7600              1m:00s
|     25.0            2500               7500              0m:59s
|     26.0            2600               7400              0m:59s
|     27.0            2700               7300              0m:57s
|     28.0            2800               7200              0m:57s
|     29.0            2900               7100              0m:56s
|     30.0            3000               7000              0m:56s
|     31.0            3100               6900              0m:55s
|     32.0            3200               6800              0m:54s
|     33.0            3300               6700              0m:53s
|     34.0            3400               6600              0m:53s
|     35.0            3500               6500              0m:52s
|     36.0            3600               6400              0m:51s
|     37.0            3700               6300              0m:50s
|     38.0            3800               6200              0m:49s
|     39.0            3900               6100              0m:49s
|     40.0            4000               6000              0m:48s
|     41.0            4100               5900              0m:47s
|     42.0            4200               5800              0m:46s
|     43.0            4300               5700              0m:45s
|     44.0            4400               5600              0m:45s
|     45.0            4500               5500              0m:44s
|     46.0            4600               5400              0m:43s
|     47.0            4700               5300              0m:42s

     Error type 4 has occured after     9556 PYEXEC calls:
     (PYDECY:) caught in infinite loop
|     48.0            4800               5200              0m:41s
|     49.0            4900               5100              0m:40s
|     50.0            5000               5000              0m:40s
|     51.0            5100               4900              0m:39s
|     52.0            5200               4800              0m:38s
|     53.0            5300               4700              0m:37s
|     54.0            5400               4600              0m:36s
|     55.0            5500               4500              0m:36s
|     56.0            5600               4400              0m:35s
|     57.0            5700               4300              0m:34s
|     58.0            5800               4200              0m:33s
|     59.0            5900               4100              0m:32s
|     60.0            6000               4000              0m:32s
|     61.0            6100               3900              0m:31s
|     62.0            6200               3800              0m:30s
|     63.0            6300               3700              0m:29s
|     64.0            6400               3600              0m:28s
|     65.0            6500               3500              0m:27s
|     66.0            6600               3400              0m:27s
|     67.0            6700               3300              0m:26s
|     68.0            6800               3200              0m:25s
|     69.0            6900               3100              0m:24s
|     70.0            7000               3000              0m:24s
|     71.0            7100               2900              0m:23s
|     72.0            7200               2800              0m:23s
|     73.0            7300               2700              0m:22s
|     74.0            7400               2600              0m:21s
|     75.0            7500               2500              0m:21s
|     76.0            7600               2400              0m:20s
|     77.0            7700               2300              0m:19s
|     78.0            7800               2200              0m:18s
|     79.0            7900               2100              0m:17s
|     80.0            8000               2000              0m:16s
|     81.0            8100               1900              0m:16s
|     82.0            8200               1800              0m:15s
|     83.0            8300               1700              0m:14s
|     84.0            8400               1600              0m:13s
|     85.0            8500               1500              0m:12s
|     86.0            8600               1400              0m:11s
|     87.0            8700               1300              0m:11s
|     88.0            8800               1200              0m:10s
|     89.0            8900               1100              0m:09s
|     90.0            9000               1000              0m:08s
|     91.0            9100                900              0m:07s
|     92.0            9200                800              0m:07s
|     93.0            9300                700              0m:06s
|     94.0            9400                600              0m:05s
|     95.0            9500                500              0m:04s
|     96.0            9600                400              0m:03s
|     97.0            9700                300              0m:02s
|     98.0            9800                200              0m:02s
|     99.0            9900                100              0m:01s
|    100.0           10000                  0              0m:00s
| |===================================================================|
| 
|         ... event sample complete.
| Events: actual unweighting efficiency =   0.38 %
| Events: closing STDHEP file 'proc.stdhep'
| Events: closing raw file 'proc.evx'
| There were no errors and    1 warning(s).
| WHIZARD run finished.
|=============================================================================|


          ********************************************************
          *       STDHEP version 5.06.01 -  November 20, 2007    *
          ********************************************************


 STDXWOPEN WARNING: I/O is initialized for stdhep only

          STDXEND:   24766881 words i/o with     9931 efficiency 
finished run
------------GOOD COPY
stdhep.gz file successfully copied on eos
sending jobs
run locally
preparing to send Whizard jobs to produce stdhep files for process wzp6_ee_qq_ecm365
('njobs=', 1)
('stdhepdir =', '/eos/user/k/kmekhema/whizard_products/stdhep/winter2023/wzp6_ee_qq_ecm365')
will run locally
succesfully sent 1  job(s)
