/eos/user/k/kmekhema/jobs/wzp6_ee_ee_Mee_0_30_ecm365/job173033231_wzp6_ee_ee_Mee_0_30_ecm365
AlmaLinux/RHEL 9 detected
Setting up the latest Key4HEP software stack from CVMFS ...
 ...  Key4HEP release: 2023-11-30
 ...  Use the following command to reproduce the current environment: 
 ... 
         source /cvmfs/sw.hsf.org/key4hep/releases/2023-11-23/x86_64-almalinux9-gcc11.3.1-opt/key4hep-stack/2023-11-30-gyuooo/setup.sh
 ... 
 ...  If you have any issues, comments or requests, open an issue at https://github.com/key4hep/key4hep-spack/issues
------------GOOD COPY
| Writing log to 'whizard.log'
|=============================================================================|
|                                                                             |
|    WW             WW  WW   WW  WW  WWWWWW      WW      WWWWW    WWWW        |
|     WW    WW     WW   WW   WW  WW     WW      WWWW     WW  WW   WW  WW      |
|      WW  WW WW  WW    WWWWWWW  WW    WW      WW  WW    WWWWW    WW   WW     |
|       WWWW   WWWW     WW   WW  WW   WW      WWWWWWWW   WW  WW   WW  WW      |
|        WW     WW      WW   WW  WW  WWWWWW  WW      WW  WW   WW  WWWW        |
|                                                                             |
|                                                                             |
|                                        W                                    |
|                                       sW                                    |
|                                       WW                                    |
|                                      sWW                                    |
|                                      WWW                                    |
|                                     wWWW                                    |
|                                    wWWWW                                    |
|                                    WW WW                                    |
|                                    WW WW                                    |
|                                   wWW WW                                    |
|                                  wWW  WW                                    |
|                                  WW   WW                                    |
|                                  WW   WW                                    |
|                                 WW    WW                                    |
|                                 WW    WW                                    |
|                                WW     WW                                    |
|                                WW     WW                                    |
|           wwwwww              WW      WW                                    |
|              WWWWWww          WW      WW                                    |
|                 WWWWWwwwww   WW       WW                                    |
|                     wWWWwwwwwWW       WW                                    |
|                 wWWWWWWWWWWwWWW       WW                                    |
|                wWWWWW       wW        WWWWWWW                               |
|                  WWWW       wW        WW  wWWWWWWWwww                       |
|                   WWWW                      wWWWWWWWwwww                    |
|                     WWWW                      WWWW     WWw                  |
|                       WWWWww                   WWWW                         |
|                           WWWwwww              WWWW                         |
|                               wWWWWwww       wWWWWW                         |
|                                     WwwwwwwwwWWW                            |
|                                                                             |
|                                                                             |
|                                                                             |
|  by:   Wolfgang Kilian, Thorsten Ohl, Juergen Reuter                        |
|        with contributions from Christian Speckner                           |
|        Contact: <whizard@desy.de>                                           |
|                                                                             |
|  if you use WHIZARD please cite:                                            |
|        W. Kilian, T. Ohl, J. Reuter,  Eur.Phys.J.C71 (2011) 1742            |
|                                          [arXiv: 0708.4233 [hep-ph]]        |
|        M. Moretti, T. Ohl, J. Reuter, arXiv: hep-ph/0102195                 |
|                                                                             |
|=============================================================================|
|                               WHIZARD 3.1.2
|=============================================================================|
| Reading model file '/cvmfs/sw.hsf.org/key4hep/releases/2023-11-23/x86_64-almalinux9-gcc11.3.1-opt/whizard/3.1.2-fw2eiz/share/whizard/models/SM.mdl'
| Preloaded model: SM
| Process library 'default_lib': initialized
| Preloaded library: default_lib
| Reading model file '/cvmfs/sw.hsf.org/key4hep/releases/2023-11-23/x86_64-almalinux9-gcc11.3.1-opt/whizard/3.1.2-fw2eiz/share/whizard/models/SM_hadrons.mdl'
| Reading commands from file 'card.sin'
n_events = 1
seed = 173033231
| Switching to model 'SM', scheme 'default'
SM.mH =>  1.250000000000E+02
sqrts =  3.650000000000E+02
SM.ms =>  0.000000000000E+00
| Process library 'default_lib': recorded process 'proc'
?keep_beams = true
?keep_remnants = true
gaussian_spread1 =  8.900000000000E-04
gaussian_spread2 =  8.900000000000E-04
?isr_handler = true
$isr_handler_mode = "recoil"
isr_alpha =  7.299300000000E-03
isr_mass =  5.110000000000E-04
?ps_fsr_active = true
?ps_isr_active = false
?hadronization_active = true
$shower_method = "PYTHIA6"
$ps_PYTHIA_PYGIVE = "MSTJ(28)=0; PMAS(25,1)=125.1; PMAS(25,2)=0.4143E-02; MSTJ(41)=2; MSTU(22)=2000; PARJ(21)=0.40000; PARJ(41)=0.11000; PARJ(42)=0.52000; PARJ(81)=0.25000; PARJ(82)=1.90000; MSTJ(11)=3; PARJ(54)=-0.03100; PARJ(55)=-0.00200; PARJ(1)=0.08500; PARJ(3)=0.45000; PARJ(4)=0.02500; PARJ(2)=0.31000; PARJ(11)=0.60000; PARJ(12)=0.40000; PARJ(13)=0.72000; PARJ(14)=0.43000; PARJ(15)=0.08000; PARJ(16)=0.08000; PARJ(17)=0.17000; MSTP(3)=1;MSTP(71)=1;  MSTP(151)=1; PARP(151)=0.0098; PARP(152)=2.54e-5; PARP(153)=0.646; PARP(154)=1.937; MSTJ(22)=4; PARJ(73)=2250; PARJ(74)=2500"
| Integrate: current process library needs compilation
| Process library 'default_lib': compiling ...
| Process library 'default_lib': writing makefile
| Process library 'default_lib': writing driver
| Process library 'default_lib': creating source code
  RM        proc_i1.f90,.mod,.lo
  OMEGA     proc_i1.f90
[1/1] e- e+ -> e- e+ ... allowed. [time: 0.22 secs, total: 0.22 secs, remaining: 0.00 secs]
all processes done. [total time: 0.22 secs]
SUMMARY: 12 fusions, 4 propagators, 4 diagrams
SUMMARY: 4 vertices
| Process library 'default_lib': compiling sources
  FC        default_lib.lo
| Process library 'default_lib': linking
  FCLD      default_lib.la
| Process library 'default_lib': loading
| Process library 'default_lib': ... success.
| Integrate: compilation done
| RNG: Initializing TAO random-number generator
| RNG: Setting seed for random-number generator to 18191
| Initializing integration for process proc:
| Beam structure: e-, e+ => gaussian => isr
| Beam data (collision):
|   e-  (mass = 5.1099700E-04 GeV)
|   e+  (mass = 5.1099700E-04 GeV)
|   sqrts = 3.650000000000E+02 GeV
| RNG: Initializing TAO random-number generator
| RNG: Setting seed for random-number generator to 18192
| Phase space: generating configuration ...
| Phase space: ... success.
| Phase space: writing configuration file 'proc.i1.phs'
| ------------------------------------------------------------------------
| Process [scattering]: 'proc'
|   Library name  = 'default_lib'
|   Process index = 1
|   Process components:
|     1: 'proc_i1':   e-, e+ => e-, e+ [omega]
| ------------------------------------------------------------------------
| Phase space: 4 channels, 2 dimensions
| Phase space: found 4 channels, collected in 3 groves.
| Phase space: Using 4 equivalences between channels.
| Phase space: wood
| Beam structure: gaussian => isr, none => none, isr
| Beam structure: 2 channels, 2 dimensions
| Applying user-defined cuts.
| Starting integration for process 'proc'
| Integrate: iterations = 10:100000:"gw", 5:200000:""
| Integrator: 3 chains, 4 channels, 4 dimensions
| Integrator: Using VAMP channel equivalences
| Integrator: 100000 initial calls, 20 bins, stratified = T
| Integrator: VAMP
|=============================================================================|
| It      Calls  Integral[fb]  Error[fb]   Err[%]    Acc  Eff[%]   Chi2 N[It] |
|=============================================================================|
   1      80000  1.5980049E+02  1.08E+02   67.85  191.90*   0.01
   2      92312  4.9833991E+02  1.95E+02   39.23  119.19*   0.01
   3      80394  1.1288816E+03  1.72E+02   15.22   43.15*   0.02
   4      89679  2.4152923E+03  5.27E+02   21.81   65.31    0.01
   5      97588  4.2805251E+03  1.85E+03   43.17  134.86    0.00
   6      91795  2.9710012E+03  3.23E+02   10.88   32.97*   0.03
   7      81489  3.6510578E+03  3.01E+02    8.25   23.56*   0.03
   8      87130  4.4370382E+03  6.18E+02   13.94   41.14    0.03
   9      90000  4.7160544E+03  4.55E+02    9.65   28.94*   0.03
  10      84754  4.5173861E+03  5.33E+02   11.79   34.33    0.02
|-----------------------------------------------------------------------------|
  10     875141  1.0732396E+03  7.44E+01    6.93   64.87    0.02   36.93  10
|-----------------------------------------------------------------------------|
  11     196616  6.2227937E+03  1.44E+03   23.18  102.80    0.01
  12     196616  1.3231348E+04  7.98E+03   60.29  267.35    0.00
  13     196616  4.7888358E+03  3.90E+02    8.13   36.07*   0.00
  14     196616  6.2822674E+03  1.05E+03   16.65   73.83    0.00
  15     196616  4.8472765E+03  5.18E+02   10.69   47.40*   0.00
|-----------------------------------------------------------------------------|
  15     983080  4.9938846E+03  2.92E+02    5.85   57.98    0.00    0.92   5
|=============================================================================|
| Time estimate for generating 10000 events: 0d:04h:56m:36s
$extension_stdhep = "stdhep"
checkpoint = 100
| Starting simulation for process 'proc'
| Simulate: using integration grids from file 'proc.m1.vg'
| Simulate: activating ISR handler
| Simulate: ISR/EPA handler mode: pair recoil
| Simulate: activating parton shower
     MSTU(12)       changed from              0 to          12345
| Shower: Using PYTHIA6 shower
| Simulate: activating hadronization
| Hadronization: Using PYTHIA6 interface for hadronization and decays
| RNG: Initializing TAO random-number generator
| RNG: Setting seed for random-number generator to 18193
| Simulation: requested number of events = 1
|             corr. to luminosity [fb-1] =   2.0024E-04
| Events: writing to STDHEP file 'proc.stdhep'
| Events: writing to raw file 'proc.evx'
| Events: generating 1 unweighted, unpolarized events ...
| Events: event normalization mode '1'
1****************** PYINIT: initialization of PYTHIA routines *****************

 ==============================================================================
 I                                                                            I
 I         PYTHIA will be initialized for e- on e+ user configuration         I
 I            with    182.500 GeV on    182.500 GeV beam energies             I
 I                                                                            I
 I           corresponding to    365.000 GeV center-of-mass energy            I
 I                                                                            I
 ==============================================================================

 ******** PYMAXI: summary of differential cross-section maximum search ********

           ==========================================================
           I                                      I                 I
           I  ISUB  Subprocess name               I  Maximum value  I
           I                                      I                 I
           ==========================================================
           I                                      I                 I
           I    4   User process 1                I    1.0000D-12   I
           I                                      I                 I
           ==========================================================

 ********************** PYINIT: initialization completed **********************
| 
| |===================================================================|
| | % complete | events generated | events remaining | time remaining
| |===================================================================|
|      0.0               0                  1              ???
|    100.0               1                  0              0m:00s
| |===================================================================|
| 
|         ... event sample complete.
| Events: actual unweighting efficiency =   0.01 %
| Events: closing STDHEP file 'proc.stdhep'
| Events: closing raw file 'proc.evx'
| WHIZARD run finished.
|=============================================================================|


          ********************************************************
          *       STDHEP version 5.06.01 -  November 20, 2007    *
          ********************************************************


 STDXWOPEN WARNING: I/O is initialized for stdhep only

          STDXEND:        623 words i/o with    10240 efficiency 
finished run
------------GOOD COPY
stdhep.gz file successfully copied on eos
import FCC-ee config
version  winter2023
yamldir =  /afs/cern.ch/work/f/fccsw/public/FCCDicts/yaml/FCCee/stdhep/winter2023/
indir = /eos/user/k/kmekhema/whizard_products/stdhep/winter2023/
sending jobs
run locally
preparing to send Whizard jobs to produce stdhep files for process wzp6_ee_ee_Mee_0_30_ecm365
njobs= 1
stdhepdir = /eos/user/k/kmekhema/whizard_products/stdhep/winter2023/wzp6_ee_ee_Mee_0_30_ecm365
will run locally
succesfully sent 1  job(s)
