import FCC-ee config
('version ', 'winter2023')
('yamldir = ', '/afs/cern.ch/work/f/fccsw/public/FCCDicts/yaml/FCCee/stdhep/winter2023/')
('indir =', '/afs/cern.ch/user/k/kmekhema/whizard_products/stdhep/winter2023/')
/afs/cern.ch/user/k/kmekhema/jobs/wzp6_ee_qq_ecm240/job025541352_wzp6_ee_qq_ecm240
Setting up the latest Key4HEP software stack from CVMFS ...
 ...  Key4HEP release: key4hep-stack/2023-04-08
 ... Use the following command to reproduce the current environment: 
 ... 
         source /cvmfs/sw.hsf.org/spackages7/key4hep-stack/2023-04-08/x86_64-centos7-gcc11.2.0-opt/urwcv/setup.sh
 ... 
 ... done. 
------------GOOD COPY
| Writing log to 'whizard.log'
|=============================================================================|
|                                                                             |
|    WW             WW  WW   WW  WW  WWWWWW      WW      WWWWW    WWWW        |
|     WW    WW     WW   WW   WW  WW     WW      WWWW     WW  WW   WW  WW      |
|      WW  WW WW  WW    WWWWWWW  WW    WW      WW  WW    WWWWW    WW   WW     |
|       WWWW   WWWW     WW   WW  WW   WW      WWWWWWWW   WW  WW   WW  WW      |
|        WW     WW      WW   WW  WW  WWWWWW  WW      WW  WW   WW  WWWW        |
|                                                                             |
|                                                                             |
|                                        W                                    |
|                                       sW                                    |
|                                       WW                                    |
|                                      sWW                                    |
|                                      WWW                                    |
|                                     wWWW                                    |
|                                    wWWWW                                    |
|                                    WW WW                                    |
|                                    WW WW                                    |
|                                   wWW WW                                    |
|                                  wWW  WW                                    |
|                                  WW   WW                                    |
|                                  WW   WW                                    |
|                                 WW    WW                                    |
|                                 WW    WW                                    |
|                                WW     WW                                    |
|                                WW     WW                                    |
|           wwwwww              WW      WW                                    |
|              WWWWWww          WW      WW                                    |
|                 WWWWWwwwww   WW       WW                                    |
|                     wWWWwwwwwWW       WW                                    |
|                 wWWWWWWWWWWwWWW       WW                                    |
|                wWWWWW       wW        WWWWWWW                               |
|                  WWWW       wW        WW  wWWWWWWWwww                       |
|                   WWWW                      wWWWWWWWwwww                    |
|                     WWWW                      WWWW     WWw                  |
|                       WWWWww                   WWWW                         |
|                           WWWwwww              WWWW                         |
|                               wWWWWwww       wWWWWW                         |
|                                     WwwwwwwwwWWW                            |
|                                                                             |
|                                                                             |
|                                                                             |
|  by:   Wolfgang Kilian, Thorsten Ohl, Juergen Reuter                        |
|        with contributions from Christian Speckner                           |
|        Contact: <whizard@desy.de>                                           |
|                                                                             |
|  if you use WHIZARD please cite:                                            |
|        W. Kilian, T. Ohl, J. Reuter,  Eur.Phys.J.C71 (2011) 1742            |
|                                          [arXiv: 0708.4233 [hep-ph]]        |
|        M. Moretti, T. Ohl, J. Reuter, arXiv: hep-ph/0102195                 |
|                                                                             |
|=============================================================================|
|                               WHIZARD 3.1.0
|=============================================================================|
| Reading model file '/cvmfs/sw.hsf.org/spackages7/whizard/3.1.0/x86_64-centos7-gcc11.2.0-opt/z72ic/share/whizard/models/SM.mdl'
| Preloaded model: SM
| Process library 'default_lib': initialized
| Preloaded library: default_lib
| Reading model file '/cvmfs/sw.hsf.org/spackages7/whizard/3.1.0/x86_64-centos7-gcc11.2.0-opt/z72ic/share/whizard/models/SM_hadrons.mdl'
| Reading commands from file 'card.sin'
n_events = 10000
seed = 25541352
| Switching to model 'SM', scheme 'default'
SM.mH =>  1.250000000000E+02
sqrts =  2.400000000000E+02
SM.ms =>  0.000000000000E+00
[user variable] q = PDG(2, 1, 3)
[user variable] Q = PDG(-2, -1, -3)
| Process library 'default_lib': recorded process 'proc'
?keep_beams = true
?keep_remnants = true
gaussian_spread1 =  8.900000000000E-04
gaussian_spread2 =  8.900000000000E-04
?isr_handler = true
$isr_handler_mode = "recoil"
isr_alpha =  7.299300000000E-03
isr_mass =  5.110000000000E-04
?ps_fsr_active = true
?ps_isr_active = false
?hadronization_active = true
$shower_method = "PYTHIA6"
$ps_PYTHIA_PYGIVE = "MSTJ(28)=0; PMAS(25,1)=125.1; PMAS(25,2)=0.4143E-02; MSTJ(41)=2; MSTU(22)=2000; PARJ(21)=0.40000; PARJ(41)=0.11000; PARJ(42)=0.52000; PARJ(81)=0.25000; PARJ(82)=1.90000; MSTJ(11)=3; PARJ(54)=-0.03100; PARJ(55)=-0.00200; PARJ(1)=0.08500; PARJ(3)=0.45000; PARJ(4)=0.02500; PARJ(2)=0.31000; PARJ(11)=0.60000; PARJ(12)=0.40000; PARJ(13)=0.72000; PARJ(14)=0.43000; PARJ(15)=0.08000; PARJ(16)=0.08000; PARJ(17)=0.17000; MSTP(3)=1;MSTP(71)=1;  MSTP(151)=1; PARP(151)=0.0098; PARP(152)=2.54e-5; PARP(153)=0.646; PARP(154)=1.937; MSTJ(22)=4; PARJ(73)=2250; PARJ(74)=2500"
| Integrate: current process library needs compilation
| Process library 'default_lib': compiling ...
| Process library 'default_lib': writing makefile
| Process library 'default_lib': writing driver
| Process library 'default_lib': creating source code
  RM        proc_i1.f90,.mod,.lo
  RM        proc_i2.f90,.mod,.lo
  RM        proc_i3.f90,.mod,.lo
  OMEGA     proc_i1.f90
[1/3] e- e+ -> s sbar ... allowed. [time: 0.35 secs, total: 1.04 secs, remaining: 0.70 secs]
[2/3] e- e+ -> d dbar ... allowed. [time: 0.34 secs, total: 1.03 secs, remaining: 0.34 secs]
[3/3] e- e+ -> u ubar ... allowed. [time: 0.34 secs, total: 1.03 secs, remaining: 0.00 secs]
all processes done. [total time: 1.03 secs]
SUMMARY: 6 fusions, 2 propagators, 2 diagrams
SUMMARY: 6 fusions, 2 propagators, 2 diagrams
SUMMARY: 6 fusions, 2 propagators, 2 diagrams
SUMMARY: 6 vertices
  OMEGA     proc_i2.f90
[1/1] e- e+ -> c cbar ... allowed. [time: 0.36 secs, total: 0.36 secs, remaining: 0.00 secs]
all processes done. [total time: 0.36 secs]
SUMMARY: 6 fusions, 2 propagators, 2 diagrams
SUMMARY: 4 vertices
  OMEGA     proc_i3.f90
[1/1] e- e+ -> b bbar ... allowed. [time: 0.35 secs, total: 0.35 secs, remaining: 0.00 secs]
all processes done. [total time: 0.35 secs]
SUMMARY: 6 fusions, 2 propagators, 2 diagrams
SUMMARY: 4 vertices
| Process library 'default_lib': compiling sources
  FC        default_lib.lo
| Process library 'default_lib': linking
  FCLD      default_lib.la
| Process library 'default_lib': loading
| Process library 'default_lib': ... success.
| Integrate: compilation done
| RNG: Initializing TAO random-number generator
| RNG: Setting seed for random-number generator to 15080
| Initializing integration for process proc:
| Beam structure: e-, e+ => gaussian => isr
| Beam data (collision):
|   e-  (mass = 5.1099700E-04 GeV)
|   e+  (mass = 5.1099700E-04 GeV)
|   sqrts = 2.400000000000E+02 GeV
| RNG: Initializing TAO random-number generator
| RNG: Setting seed for random-number generator to 15081
| Phase space: generating configuration ...
| Phase space: ... success.
| Phase space: writing configuration file 'proc.i1.phs'
| Phase space: generating configuration ...
| Phase space: ... success.
| Phase space: writing configuration file 'proc.i2.phs'
| Phase space: generating configuration ...
| Phase space: ... success.
| Phase space: writing configuration file 'proc.i3.phs'
| ------------------------------------------------------------------------
| Process [scattering]: 'proc'
|   Library name  = 'default_lib'
|   Process index = 1
|   Process components:
|     1: 'proc_i1':   e-, e+ => u:d:s, ubar:dbar:sbar [omega]
|     2: 'proc_i2':   e-, e+ => c, cbar [omega]
|     3: 'proc_i3':   e-, e+ => b, bbar [omega]
| ------------------------------------------------------------------------
| Phase space: 2 channels, 2 dimensions
| Phase space: found 2 channels, collected in 2 groves.
| Phase space: Using 2 equivalences between channels.
| Phase space: wood
| Phase space: 2 channels, 2 dimensions
| Phase space: found 2 channels, collected in 2 groves.
| Phase space: Using 2 equivalences between channels.
| Phase space: wood
| Phase space: 2 channels, 2 dimensions
| Phase space: found 2 channels, collected in 2 groves.
| Phase space: Using 2 equivalences between channels.
| Phase space: wood
| Beam structure: gaussian => isr, none => none, isr
| Beam structure: 2 channels, 2 dimensions
Warning: No cuts have been defined.
| Starting integration for process 'proc' part 1
| Integrate: iterations = 10:100000:"gw", 5:200000:""
| Integrator: 2 chains, 2 channels, 4 dimensions
| Integrator: Using VAMP channel equivalences
| Integrator: 100000 initial calls, 20 bins, stratified = T
| Integrator: VAMP
|=============================================================================|
| It      Calls  Integral[fb]  Error[fb]   Err[%]    Acc  Eff[%]   Chi2 N[It] |
|=============================================================================|
   1      82944  3.2112712E+04  1.56E+02    0.49    1.40*   0.54
   2      82944  3.2743798E+04  2.40E+02    0.73    2.11    0.32
   3      82944  3.2538883E+04  1.29E+02    0.40    1.14*   1.44
   4      82944  3.3697464E+04  3.77E+02    1.12    3.22    0.21
   5      82944  3.3139159E+04  1.83E+02    0.55    1.59*   0.55
   6      82944  3.4032155E+04  7.60E+02    2.23    6.44    0.10
   7      92208  3.3412159E+04  1.44E+02    0.43    1.31*   1.13
   8      81472  3.3475964E+04  6.23E+01    0.19    0.53*   2.76
   9      82944  3.3445469E+04  5.66E+01    0.17    0.49*   2.98
  10      82944  3.3478902E+04  7.82E+01    0.23    0.67    1.33
|-----------------------------------------------------------------------------|
  10     837232  3.3321963E+04  3.26E+01    0.10    0.90    1.33   13.41  10
|-----------------------------------------------------------------------------|
  11     197568  3.3490793E+04  4.96E+01    0.15    0.66*   1.23
  12     197568  3.3524928E+04  5.74E+01    0.17    0.76    0.82
  13     197568  3.3709500E+04  9.48E+01    0.28    1.25    0.39
  14     197568  3.4019133E+04  3.71E+02    1.09    4.85    0.08
  15     197568  3.3504796E+04  4.04E+01    0.12    0.54*   0.08
|-----------------------------------------------------------------------------|
  15     987840  3.3523460E+04  2.63E+01    0.08    0.78    0.08    1.57   5
|=============================================================================|
| Time estimate for generating 10000 events: 0d:00h:10m:19s
| Starting integration for process 'proc' part 2
| Integrate: iterations = 10:100000:"gw", 5:200000:""
| Integrator: 2 chains, 2 channels, 4 dimensions
| Integrator: Using VAMP channel equivalences
| Integrator: 100000 initial calls, 20 bins, stratified = T
| Integrator: VAMP
|=============================================================================|
| It      Calls  Integral[fb]  Error[fb]   Err[%]    Acc  Eff[%]   Chi2 N[It] |
|=============================================================================|
   1      82944  1.1355205E+04  2.17E+02    1.92    5.52*   0.14
   2      82944  1.1068426E+04  6.71E+01    0.61    1.75*   0.58
   3      82944  1.1066982E+04  3.82E+01    0.35    0.99*   2.11
   4      82944  1.1063842E+04  2.23E+01    0.20    0.58*   5.06
   5      81472  1.1056171E+04  1.79E+01    0.16    0.46*   7.34
   6      92208  1.1049342E+04  1.31E+01    0.12    0.36*   6.82
   7      71472  1.1068291E+04  1.40E+01    0.13    0.34*   8.82
   8      92208  1.1063524E+04  1.16E+01    0.11    0.32*   8.20
   9      92208  1.1048150E+04  1.22E+01    0.11    0.34   11.84
  10      92208  1.1058446E+04  1.17E+01    0.11    0.32*   8.32
|-----------------------------------------------------------------------------|
  10     853552  1.1058020E+04  5.10E+00    0.05    0.43    8.32    0.43  10
|-----------------------------------------------------------------------------|
  11     198464  1.1052648E+04  6.40E+00    0.06    0.26*   9.14
  12     198464  1.1057748E+04  6.48E+00    0.06    0.26    8.58
  13     198464  1.1041429E+04  6.47E+00    0.06    0.26*   8.50
  14     198464  1.1051971E+04  6.45E+00    0.06    0.26*   8.50
  15     198464  1.1063567E+04  6.54E+00    0.06    0.26    8.50
|-----------------------------------------------------------------------------|
  15     992320  1.1053417E+04  2.89E+00    0.03    0.26    8.50    1.59   5
|=============================================================================|
| Time estimate for generating 10000 events: 0d:00h:00m:06s
| Starting integration for process 'proc' part 3
| Integrate: iterations = 10:100000:"gw", 5:200000:""
| Integrator: 2 chains, 2 channels, 4 dimensions
| Integrator: Using VAMP channel equivalences
| Integrator: 100000 initial calls, 20 bins, stratified = T
| Integrator: VAMP
|=============================================================================|
| It      Calls  Integral[fb]  Error[fb]   Err[%]    Acc  Eff[%]   Chi2 N[It] |
|=============================================================================|
   1      82944  1.0435282E+04  1.00E+01    0.10    0.28*   6.06
   2      71472  1.0435393E+04  7.40E+00    0.07    0.19*  17.66
   3      92208  1.0414230E+04  6.23E+00    0.06    0.18*  23.96
   4      92208  1.0427439E+04  6.68E+00    0.06    0.19   22.53
   5      71472  1.0428861E+04  1.00E+01    0.10    0.26   21.45
   6      71472  1.0411083E+04  9.62E+00    0.09    0.25*  13.47
   7      82944  1.0432871E+04  8.16E+00    0.08    0.23*  18.07
   8      82944  1.0421977E+04  8.93E+00    0.09    0.25   15.11
   9      82944  1.0433344E+04  8.85E+00    0.08    0.24*  21.69
  10      82944  1.0416192E+04  8.80E+00    0.08    0.24*  18.96
|-----------------------------------------------------------------------------|
  10     813552  1.0425206E+04  2.58E+00    0.02    0.22   18.96    1.26  10
|-----------------------------------------------------------------------------|
  11     197568  1.0424047E+04  5.17E+00    0.05    0.22*  16.12
  12     197568  1.0421292E+04  5.13E+00    0.05    0.22*  16.09
  13     197568  1.0422357E+04  5.17E+00    0.05    0.22   15.96
  14     197568  1.0421414E+04  5.18E+00    0.05    0.22   15.96
  15     197568  1.0436608E+04  5.17E+00    0.05    0.22*  15.98
|-----------------------------------------------------------------------------|
  15     987840  1.0425132E+04  2.31E+00    0.02    0.22   15.98    1.58   5
|=============================================================================|
| Time estimate for generating 10000 events: 0d:00h:00m:04s
| Integrate: sum of all components
|=============================================================================|
| It      Calls  Integral[fb]  Error[fb]   Err[%]    Acc  Eff[%]   Chi2 N[It] |
|=============================================================================|
   1          0  5.5002009E+04  2.66E+01    0.05    0.00*   0.13
|=============================================================================|
$extension_stdhep = "stdhep"
checkpoint = 100
| Starting simulation for process 'proc'
| Simulate: using integration grids from file 'proc.m1.vg'
| Simulate: using integration grids from file 'proc.m2.vg'
| Simulate: using integration grids from file 'proc.m3.vg'
| Simulate: activating ISR handler
| Simulate: ISR/EPA handler mode: pair recoil
| Simulate: activating parton shower
     MSTU(12)       changed from              0 to          12345
| Shower: Using PYTHIA6 shower
| Simulate: activating hadronization
| Hadronization: Using PYTHIA6 interface for hadronization and decays
| RNG: Initializing TAO random-number generator
| RNG: Setting seed for random-number generator to 15082
| Simulation: requested number of events = 10000
|             corr. to luminosity [fb-1] =   1.8181E-01
| Events: writing to STDHEP file 'proc.stdhep'
| Events: writing to raw file 'proc.evx'
| Events: generating 10000 unweighted, unpolarized events ...
| Events: event normalization mode '1'
1****************** PYINIT: initialization of PYTHIA routines *****************

 ==============================================================================
 I                                                                            I
 I         PYTHIA will be initialized for e- on e+ user configuration         I
 I            with    120.000 GeV on    120.000 GeV beam energies             I
 I                                                                            I
 I           corresponding to    240.000 GeV center-of-mass energy            I
 I                                                                            I
 ==============================================================================

 ******** PYMAXI: summary of differential cross-section maximum search ********

           ==========================================================
           I                                      I                 I
           I  ISUB  Subprocess name               I  Maximum value  I
           I                                      I                 I
           ==========================================================
           I                                      I                 I
           I    4   User process 1                I    1.0000D-12   I
           I                                      I                 I
           ==========================================================

 ********************** PYINIT: initialization completed **********************
| 
| |===================================================================|
| | % complete | events generated | events remaining | time remaining
| |===================================================================|
|      0.0               0              10000              ???

     Advisory warning type 3 given after       44 PYEXEC calls:
     (PYPREP:) too small mass in jet system

     Advisory warning type 3 given after      156 PYEXEC calls:
     (PYPREP:) too small mass in jet system

     Advisory warning type 3 given after      186 PYEXEC calls:
     (PYPREP:) too small mass in jet system
|      1.0             100               9900              7m:19s

     Advisory warning type 3 given after      238 PYEXEC calls:
     (PYPREP:) too small mass in jet system

     Advisory warning type 3 given after      300 PYEXEC calls:
     (PYPREP:) too small mass in jet system
|      2.0             200               9800              6m:29s

     Advisory warning type 3 given after      480 PYEXEC calls:
     (PYPREP:) too small mass in jet system
|      3.0             300               9700              5m:58s

     Advisory warning type 3 given after      646 PYEXEC calls:
     (PYPREP:) too small mass in jet system

     Advisory warning type 3 given after      718 PYEXEC calls:
     (PYPREP:) too small mass in jet system
|      4.0             400               9600              6m:06s

     Advisory warning type 3 given after      858 PYEXEC calls:
     (PYPREP:) too small mass in jet system

     Advisory warning type 3 given after      954 PYEXEC calls:
     (PYPREP:) too small mass in jet system
|      5.0             500               9500              5m:57s
|      6.0             600               9400              5m:47s
|      7.0             700               9300              6m:06s
|      8.0             800               9200              6m:04s
|      9.0             900               9100              6m:10s
|     10.0            1000               9000              5m:50s
|     11.0            1100               8900              5m:49s
|     12.0            1200               8800              5m:50s
|     13.0            1300               8700              5m:45s
|     14.0            1400               8600              5m:41s
|     15.0            1500               8500              5m:42s
|     16.0            1600               8400              5m:36s
|     17.0            1700               8300              5m:34s
|     18.0            1800               8200              5m:34s
|     19.0            1900               8100              5m:33s
|     20.0            2000               8000              5m:31s
|     21.0            2100               7900              5m:29s
|     22.0            2200               7800              5m:26s
|     23.0            2300               7700              5m:21s
|     24.0            2400               7600              5m:16s
|     25.0            2500               7500              5m:09s
|     26.0            2600               7400              5m:05s
|     27.0            2700               7300              5m:01s
|     28.0            2800               7200              4m:57s
|     29.0            2900               7100              4m:55s
|     30.0            3000               7000              4m:51s
|     31.0            3100               6900              4m:49s
|     32.0            3200               6800              4m:48s
|     33.0            3300               6700              4m:43s
|     34.0            3400               6600              4m:41s
|     35.0            3500               6500              4m:36s
|     36.0            3600               6400              4m:33s
|     37.0            3700               6300              4m:28s
|     38.0            3800               6200              4m:24s
|     39.0            3900               6100              4m:19s
|     40.0            4000               6000              4m:16s
|     41.0            4100               5900              4m:10s
|     42.0            4200               5800              4m:06s
|     43.0            4300               5700              4m:01s
|     44.0            4400               5600              4m:14s
|     45.0            4500               5500              4m:08s
|     46.0            4600               5400              4m:05s
|     47.0            4700               5300              4m:00s
|     48.0            4800               5200              3m:56s
|     49.0            4900               5100              3m:52s
|     50.0            5000               5000              3m:47s
|     51.0            5100               4900              3m:42s
|     52.0            5200               4800              3m:37s
|     53.0            5300               4700              3m:34s
|     54.0            5400               4600              3m:30s
|     55.0            5500               4500              3m:26s
|     56.0            5600               4400              3m:22s
|     57.0            5700               4300              3m:17s
|     58.0            5800               4200              3m:12s
|     59.0            5900               4100              3m:08s
|     60.0            6000               4000              3m:03s
|     61.0            6100               3900              2m:59s
|     62.0            6200               3800              2m:54s
|     63.0            6300               3700              2m:50s
|     64.0            6400               3600              2m:45s
|     65.0            6500               3500              2m:40s
|     66.0            6600               3400              2m:36s
|     67.0            6700               3300              2m:31s
|     68.0            6800               3200              2m:26s
|     69.0            6900               3100              2m:22s
|     70.0            7000               3000              2m:20s
|     71.0            7100               2900              2m:16s
|     72.0            7200               2800              2m:11s
|     73.0            7300               2700              2m:06s
|     74.0            7400               2600              2m:01s
|     75.0            7500               2500              1m:56s
|     76.0            7600               2400              1m:51s
|     77.0            7700               2300              1m:46s
|     78.0            7800               2200              1m:42s
|     79.0            7900               2100              1m:37s
|     80.0            8000               2000              1m:33s
|     81.0            8100               1900              1m:28s
|     82.0            8200               1800              1m:23s
|     83.0            8300               1700              1m:19s
|     84.0            8400               1600              1m:17s
|     85.0            8500               1500              1m:12s
|     86.0            8600               1400              1m:07s
|     87.0            8700               1300              1m:02s
|     88.0            8800               1200              0m:58s
|     89.0            8900               1100              0m:53s
|     90.0            9000               1000              0m:48s
|     91.0            9100                900              0m:43s
|     92.0            9200                800              0m:39s
|     93.0            9300                700              0m:34s
|     94.0            9400                600              0m:29s
|     95.0            9500                500              0m:24s
|     96.0            9600                400              0m:19s
|     97.0            9700                300              0m:14s
|     98.0            9800                200              0m:10s
|     99.0            9900                100              0m:05s
|    100.0           10000                  0              0m:00s
| |===================================================================|
| 
|         ... event sample complete.
| Events: actual unweighting efficiency =   0.13 %
| Events: closing STDHEP file 'proc.stdhep'
| Events: closing raw file 'proc.evx'
| There were no errors and    1 warning(s).
| WHIZARD run finished.
|=============================================================================|


          ********************************************************
          *       STDHEP version 5.06.01 -  November 20, 2007    *
          ********************************************************


 STDXWOPEN WARNING: I/O is initialized for stdhep only

          STDXEND:   23897169 words i/o with     9928 efficiency 
finished run
------------GOOD COPY
stdhep.gz file successfully copied on eos
sending jobs
run locally
preparing to send Whizard jobs to produce stdhep files for process wzp6_ee_qq_ecm240
('njobs=', 1)
('stdhepdir =', '/afs/cern.ch/user/k/kmekhema/whizard_products/stdhep/winter2023/wzp6_ee_qq_ecm240')
will run locally
succesfully sent 1  job(s)
