import FCC-ee config
('version ', 'winter2023')
('yamldir = ', '/afs/cern.ch/work/f/fccsw/public/FCCDicts/yaml/FCCee/stdhep/winter2023/')
('indir =', '/eos/user/k/kmekhema/whizard_products/stdhep/winter2023/')
/eos/user/k/kmekhema/jobs/wzp6_ee_ll_ecm240/job121442964_wzp6_ee_ll_ecm240
Setting up the latest Key4HEP software stack from CVMFS ...
 ...  Key4HEP release: key4hep-stack/2023-04-08
 ... Use the following command to reproduce the current environment: 
 ... 
         source /cvmfs/sw.hsf.org/spackages7/key4hep-stack/2023-04-08/x86_64-centos7-gcc11.2.0-opt/urwcv/setup.sh
 ... 
 ... done. 
------------GOOD COPY
| Writing log to 'whizard.log'
|=============================================================================|
|                                                                             |
|    WW             WW  WW   WW  WW  WWWWWW      WW      WWWWW    WWWW        |
|     WW    WW     WW   WW   WW  WW     WW      WWWW     WW  WW   WW  WW      |
|      WW  WW WW  WW    WWWWWWW  WW    WW      WW  WW    WWWWW    WW   WW     |
|       WWWW   WWWW     WW   WW  WW   WW      WWWWWWWW   WW  WW   WW  WW      |
|        WW     WW      WW   WW  WW  WWWWWW  WW      WW  WW   WW  WWWW        |
|                                                                             |
|                                                                             |
|                                        W                                    |
|                                       sW                                    |
|                                       WW                                    |
|                                      sWW                                    |
|                                      WWW                                    |
|                                     wWWW                                    |
|                                    wWWWW                                    |
|                                    WW WW                                    |
|                                    WW WW                                    |
|                                   wWW WW                                    |
|                                  wWW  WW                                    |
|                                  WW   WW                                    |
|                                  WW   WW                                    |
|                                 WW    WW                                    |
|                                 WW    WW                                    |
|                                WW     WW                                    |
|                                WW     WW                                    |
|           wwwwww              WW      WW                                    |
|              WWWWWww          WW      WW                                    |
|                 WWWWWwwwww   WW       WW                                    |
|                     wWWWwwwwwWW       WW                                    |
|                 wWWWWWWWWWWwWWW       WW                                    |
|                wWWWWW       wW        WWWWWWW                               |
|                  WWWW       wW        WW  wWWWWWWWwww                       |
|                   WWWW                      wWWWWWWWwwww                    |
|                     WWWW                      WWWW     WWw                  |
|                       WWWWww                   WWWW                         |
|                           WWWwwww              WWWW                         |
|                               wWWWWwww       wWWWWW                         |
|                                     WwwwwwwwwWWW                            |
|                                                                             |
|                                                                             |
|                                                                             |
|  by:   Wolfgang Kilian, Thorsten Ohl, Juergen Reuter                        |
|        with contributions from Christian Speckner                           |
|        Contact: <whizard@desy.de>                                           |
|                                                                             |
|  if you use WHIZARD please cite:                                            |
|        W. Kilian, T. Ohl, J. Reuter,  Eur.Phys.J.C71 (2011) 1742            |
|                                          [arXiv: 0708.4233 [hep-ph]]        |
|        M. Moretti, T. Ohl, J. Reuter, arXiv: hep-ph/0102195                 |
|                                                                             |
|=============================================================================|
|                               WHIZARD 3.1.0
|=============================================================================|
| Reading model file '/cvmfs/sw.hsf.org/spackages7/whizard/3.1.0/x86_64-centos7-gcc11.2.0-opt/z72ic/share/whizard/models/SM.mdl'
| Preloaded model: SM
| Process library 'default_lib': initialized
| Preloaded library: default_lib
| Reading model file '/cvmfs/sw.hsf.org/spackages7/whizard/3.1.0/x86_64-centos7-gcc11.2.0-opt/z72ic/share/whizard/models/SM_hadrons.mdl'
| Reading commands from file 'card.sin'
n_events = 10000
seed = 121442964
| Switching to model 'SM', scheme 'default'
SM.mH =>  1.250000000000E+02
sqrts =  2.400000000000E+02
SM.ms =>  0.000000000000E+00
| Process library 'default_lib': recorded process 'proc'
?keep_beams = true
?keep_remnants = true
gaussian_spread1 =  8.900000000000E-04
gaussian_spread2 =  8.900000000000E-04
?isr_handler = true
$isr_handler_mode = "recoil"
isr_alpha =  7.299300000000E-03
isr_mass =  5.110000000000E-04
?ps_fsr_active = true
?ps_isr_active = false
?hadronization_active = true
$shower_method = "PYTHIA6"
$ps_PYTHIA_PYGIVE = "MSTJ(28)=0; PMAS(25,1)=125.1; PMAS(25,2)=0.4143E-02; MSTJ(41)=2; MSTU(22)=2000; PARJ(21)=0.40000; PARJ(41)=0.11000; PARJ(42)=0.52000; PARJ(81)=0.25000; PARJ(82)=1.90000; MSTJ(11)=3; PARJ(54)=-0.03100; PARJ(55)=-0.00200; PARJ(1)=0.08500; PARJ(3)=0.45000; PARJ(4)=0.02500; PARJ(2)=0.31000; PARJ(11)=0.60000; PARJ(12)=0.40000; PARJ(13)=0.72000; PARJ(14)=0.43000; PARJ(15)=0.08000; PARJ(16)=0.08000; PARJ(17)=0.17000; MSTP(3)=1;MSTP(71)=1;  MSTP(151)=1; PARP(151)=0.0098; PARP(152)=2.54e-5; PARP(153)=0.646; PARP(154)=1.937; MSTJ(22)=4; PARJ(73)=2250; PARJ(74)=2500"
| Integrate: current process library needs compilation
| Process library 'default_lib': compiling ...
| Process library 'default_lib': writing makefile
| Process library 'default_lib': writing driver
| Process library 'default_lib': creating source code
  RM        proc_i1.f90,.mod,.lo
  RM        proc_i2.f90,.mod,.lo
  OMEGA     proc_i1.f90
[1/1] e- e+ -> mu- mu+ ... allowed. [time: 0.22 secs, total: 0.22 secs, remaining: 0.00 secs]
all processes done. [total time: 0.22 secs]
SUMMARY: 6 fusions, 2 propagators, 2 diagrams
SUMMARY: 4 vertices
  OMEGA     proc_i2.f90
[1/1] e- e+ -> tau- tau+ ... allowed. [time: 0.23 secs, total: 0.23 secs, remaining: 0.00 secs]
all processes done. [total time: 0.23 secs]
SUMMARY: 6 fusions, 2 propagators, 2 diagrams
SUMMARY: 4 vertices
| Process library 'default_lib': compiling sources
  FC        default_lib.lo
| Process library 'default_lib': linking
  FCLD      default_lib.la
| Process library 'default_lib': loading
| Process library 'default_lib': ... success.
| Integrate: compilation done
| RNG: Initializing TAO random-number generator
| RNG: Setting seed for random-number generator to 4756
| Initializing integration for process proc:
| Beam structure: e-, e+ => gaussian => isr
| Beam data (collision):
|   e-  (mass = 5.1099700E-04 GeV)
|   e+  (mass = 5.1099700E-04 GeV)
|   sqrts = 2.400000000000E+02 GeV
| RNG: Initializing TAO random-number generator
| RNG: Setting seed for random-number generator to 4757
| Phase space: generating configuration ...
| Phase space: ... success.
| Phase space: writing configuration file 'proc.i1.phs'
| Phase space: generating configuration ...
| Phase space: ... success.
| Phase space: writing configuration file 'proc.i2.phs'
| ------------------------------------------------------------------------
| Process [scattering]: 'proc'
|   Library name  = 'default_lib'
|   Process index = 1
|   Process components:
|     1: 'proc_i1':   e-, e+ => mu-, mu+ [omega]
|     2: 'proc_i2':   e-, e+ => tau-, tau+ [omega]
| ------------------------------------------------------------------------
| Phase space: 2 channels, 2 dimensions
| Phase space: found 2 channels, collected in 2 groves.
| Phase space: Using 2 equivalences between channels.
| Phase space: wood
| Phase space: 2 channels, 2 dimensions
| Phase space: found 2 channels, collected in 2 groves.
| Phase space: Using 2 equivalences between channels.
| Phase space: wood
| Beam structure: gaussian => isr, none => none, isr
| Beam structure: 2 channels, 2 dimensions
Warning: No cuts have been defined.
| Starting integration for process 'proc' part 1
| Integrate: iterations = 10:100000:"gw", 5:200000:""
| Integrator: 2 chains, 2 channels, 4 dimensions
| Integrator: Using VAMP channel equivalences
| Integrator: 100000 initial calls, 20 bins, stratified = T
| Integrator: VAMP
|=============================================================================|
| It      Calls  Integral[fb]  Error[fb]   Err[%]    Acc  Eff[%]   Chi2 N[It] |
|=============================================================================|
   1      82944  4.8096554E+03  1.53E+02    3.17    9.14*   0.06
   2      82944  5.6528519E+03  4.42E+02    7.83   22.54    0.02
   3      82944  5.0768317E+03  9.26E+01    1.82    5.25*   0.15
   4      92208  5.1426059E+03  5.23E+01    1.02    3.09*   0.33
   5      92208  5.2605189E+03  4.13E+01    0.78    2.38*   0.43
   6      92208  5.2713833E+03  2.19E+01    0.42    1.26*   0.91
   7      92208  5.3151398E+03  1.31E+01    0.25    0.75*   3.10
   8      71472  5.2957091E+03  8.63E+00    0.16    0.44*   7.77
   9      92208  5.3008185E+03  5.96E+00    0.11    0.34*   7.79
  10      92208  5.2978272E+03  5.22E+00    0.10    0.30*   7.50
|-----------------------------------------------------------------------------|
  10     873552  5.2975714E+03  3.39E+00    0.06    0.60    7.50    3.30  10
|-----------------------------------------------------------------------------|
  11     197072  5.3009506E+03  3.25E+00    0.06    0.27*   7.34
  12     197072  5.3017530E+03  3.26E+00    0.06    0.27    7.35
  13     197072  5.2985571E+03  3.25E+00    0.06    0.27*   7.33
  14     197072  5.3062432E+03  3.26E+00    0.06    0.27    7.10
  15     197072  5.2987763E+03  3.25E+00    0.06    0.27*   7.08
|-----------------------------------------------------------------------------|
  15     985360  5.3012474E+03  1.46E+00    0.03    0.27    7.08    0.91   5
|=============================================================================|
| Time estimate for generating 10000 events: 0d:00h:00m:03s
| Starting integration for process 'proc' part 2
| Integrate: iterations = 10:100000:"gw", 5:200000:""
| Integrator: 2 chains, 2 channels, 4 dimensions
| Integrator: Using VAMP channel equivalences
| Integrator: 100000 initial calls, 20 bins, stratified = T
| Integrator: VAMP
|=============================================================================|
| It      Calls  Integral[fb]  Error[fb]   Err[%]    Acc  Eff[%]   Chi2 N[It] |
|=============================================================================|
   1      82944  4.6429353E+03  5.70E+01    1.23    3.53*   0.22
   2      82944  4.6712230E+03  3.89E+01    0.83    2.40*   0.40
   3      82944  4.6490267E+03  1.47E+01    0.32    0.91*   2.34
   4      92208  4.6668581E+03  7.48E+00    0.16    0.49*   5.40
   5      92208  4.6734878E+03  5.85E+00    0.13    0.38*   9.56
   6      92208  4.6622471E+03  4.42E+00    0.09    0.29*  12.58
   7      92208  4.6637101E+03  4.09E+00    0.09    0.27*  15.43
   8      92208  4.6747468E+03  4.31E+00    0.09    0.28   16.85
   9      92208  4.6665323E+03  3.96E+00    0.08    0.26*  15.66
  10      82208  4.6696088E+03  4.16E+00    0.09    0.26*  15.95
|-----------------------------------------------------------------------------|
  10     884288  4.6675848E+03  1.72E+00    0.04    0.35   15.95    0.91  10
|-----------------------------------------------------------------------------|
  11     198016  4.6620255E+03  2.30E+00    0.05    0.22*  15.85
  12     198016  4.6673202E+03  2.31E+00    0.05    0.22   15.44
  13     198016  4.6685349E+03  2.30E+00    0.05    0.22*  15.34
  14     198016  4.6680040E+03  2.30E+00    0.05    0.22*  15.34
  15     198016  4.6677206E+03  2.30E+00    0.05    0.22   15.33
|-----------------------------------------------------------------------------|
  15     990080  4.6667185E+03  1.03E+00    0.02    0.22   15.33    1.34   5
|=============================================================================|
| Time estimate for generating 10000 events: 0d:00h:00m:01s
| Integrate: sum of all components
|=============================================================================|
| It      Calls  Integral[fb]  Error[fb]   Err[%]    Acc  Eff[%]   Chi2 N[It] |
|=============================================================================|
   1          0  9.9679659E+03  1.78E+00    0.02    0.00*   9.46
|=============================================================================|
$extension_stdhep = "stdhep"
checkpoint = 100
| Starting simulation for process 'proc'
| Simulate: using integration grids from file 'proc.m1.vg'
| Simulate: using integration grids from file 'proc.m2.vg'
| Simulate: activating ISR handler
| Simulate: ISR/EPA handler mode: pair recoil
| Simulate: activating parton shower
     MSTU(12)       changed from              0 to          12345
| Shower: Using PYTHIA6 shower
| Simulate: activating hadronization
| Hadronization: Using PYTHIA6 interface for hadronization and decays
| RNG: Initializing TAO random-number generator
| RNG: Setting seed for random-number generator to 4758
| Simulation: requested number of events = 10000
|             corr. to luminosity [fb-1] =   1.0032E+00
| Events: writing to STDHEP file 'proc.stdhep'
| Events: writing to raw file 'proc.evx'
| Events: generating 10000 unweighted, unpolarized events ...
| Events: event normalization mode '1'
1****************** PYINIT: initialization of PYTHIA routines *****************

 ==============================================================================
 I                                                                            I
 I         PYTHIA will be initialized for e- on e+ user configuration         I
 I            with    120.000 GeV on    120.000 GeV beam energies             I
 I                                                                            I
 I           corresponding to    240.000 GeV center-of-mass energy            I
 I                                                                            I
 ==============================================================================

 ******** PYMAXI: summary of differential cross-section maximum search ********

           ==========================================================
           I                                      I                 I
           I  ISUB  Subprocess name               I  Maximum value  I
           I                                      I                 I
           ==========================================================
           I                                      I                 I
           I    4   User process 1                I    1.0000D-12   I
           I                                      I                 I
           ==========================================================

 ********************** PYINIT: initialization completed **********************
| 
| |===================================================================|
| | % complete | events generated | events remaining | time remaining
| |===================================================================|
|      0.0               0              10000              ???
|      1.0             100               9900              0m:09s
|      2.0             200               9800              0m:09s
|      3.0             300               9700              0m:09s
|      4.0             400               9600              0m:09s
|      5.0             500               9500              0m:09s
|      6.0             600               9400              0m:09s
|      7.0             700               9300              0m:09s
|      8.0             800               9200              0m:08s
|      9.0             900               9100              0m:08s
|     10.0            1000               9000              0m:08s
|     11.0            1100               8900              0m:08s
|     12.0            1200               8800              0m:08s
|     13.0            1300               8700              0m:08s
|     14.0            1400               8600              0m:08s
|     15.0            1500               8500              0m:08s
|     16.0            1600               8400              0m:08s
|     17.0            1700               8300              0m:08s
|     18.0            1800               8200              0m:08s
|     19.0            1900               8100              0m:08s
|     20.0            2000               8000              0m:07s
|     21.0            2100               7900              0m:07s
|     22.0            2200               7800              0m:07s
|     23.0            2300               7700              0m:07s
|     24.0            2400               7600              0m:07s
|     25.0            2500               7500              0m:07s
|     26.0            2600               7400              0m:07s
|     27.0            2700               7300              0m:07s
|     28.0            2800               7200              0m:07s
|     29.0            2900               7100              0m:07s
|     30.0            3000               7000              0m:07s
|     31.0            3100               6900              0m:06s
|     32.0            3200               6800              0m:06s
|     33.0            3300               6700              0m:06s
|     34.0            3400               6600              0m:06s
|     35.0            3500               6500              0m:06s
|     36.0            3600               6400              0m:06s
|     37.0            3700               6300              0m:06s
|     38.0            3800               6200              0m:06s
|     39.0            3900               6100              0m:06s
|     40.0            4000               6000              0m:06s
|     41.0            4100               5900              0m:06s
|     42.0            4200               5800              0m:05s
|     43.0            4300               5700              0m:05s
|     44.0            4400               5600              0m:05s
|     45.0            4500               5500              0m:05s
|     46.0            4600               5400              0m:05s
|     47.0            4700               5300              0m:05s
|     48.0            4800               5200              0m:05s
|     49.0            4900               5100              0m:05s
|     50.0            5000               5000              0m:05s
|     51.0            5100               4900              0m:05s
|     52.0            5200               4800              0m:05s
|     53.0            5300               4700              0m:04s
|     54.0            5400               4600              0m:04s
|     55.0            5500               4500              0m:04s
|     56.0            5600               4400              0m:04s
|     57.0            5700               4300              0m:04s
|     58.0            5800               4200              0m:04s
|     59.0            5900               4100              0m:04s
|     60.0            6000               4000              0m:04s
|     61.0            6100               3900              0m:04s
|     62.0            6200               3800              0m:04s
|     63.0            6300               3700              0m:03s
|     64.0            6400               3600              0m:03s
|     65.0            6500               3500              0m:03s
|     66.0            6600               3400              0m:03s
|     67.0            6700               3300              0m:03s
|     68.0            6800               3200              0m:03s
|     69.0            6900               3100              0m:03s
|     70.0            7000               3000              0m:03s
|     71.0            7100               2900              0m:03s
|     72.0            7200               2800              0m:03s
|     73.0            7300               2700              0m:03s
|     74.0            7400               2600              0m:02s
|     75.0            7500               2500              0m:02s
|     76.0            7600               2400              0m:02s
|     77.0            7700               2300              0m:02s
|     78.0            7800               2200              0m:02s
|     79.0            7900               2100              0m:02s
|     80.0            8000               2000              0m:02s
|     81.0            8100               1900              0m:02s
|     82.0            8200               1800              0m:02s
|     83.0            8300               1700              0m:02s
|     84.0            8400               1600              0m:02s
|     85.0            8500               1500              0m:01s
|     86.0            8600               1400              0m:01s
|     87.0            8700               1300              0m:01s
|     88.0            8800               1200              0m:01s
|     89.0            8900               1100              0m:01s
|     90.0            9000               1000              0m:01s
|     91.0            9100                900              0m:01s
|     92.0            9200                800              0m:01s
|     93.0            9300                700              0m:01s
|     94.0            9400                600              0m:01s
|     95.0            9500                500              0m:00s
|     96.0            9600                400              0m:00s
|     97.0            9700                300              0m:00s
|     98.0            9800                200              0m:00s
|     99.0            9900                100              0m:00s
|    100.0           10000                  0              0m:00s
| |===================================================================|
| 
|         ... event sample complete.
| Events: actual unweighting efficiency =   9.49 %
| Events: closing STDHEP file 'proc.stdhep'
| Events: closing raw file 'proc.evx'
| There were no errors and    1 warning(s).
| WHIZARD run finished.
|=============================================================================|


          ********************************************************
          *       STDHEP version 5.06.01 -  November 20, 2007    *
          ********************************************************


 STDXWOPEN WARNING: I/O is initialized for stdhep only

          STDXEND:    4491201 words i/o with     9620 efficiency 
finished run
------------GOOD COPY
stdhep.gz file successfully copied on eos
sending jobs
run locally
preparing to send Whizard jobs to produce stdhep files for process wzp6_ee_ll_ecm240
('njobs=', 1)
('stdhepdir =', '/eos/user/k/kmekhema/whizard_products/stdhep/winter2023/wzp6_ee_ll_ecm240')
will run locally
succesfully sent 1  job(s)
