/eos/user/k/kmekhema/jobs/wzp6_ee_ee_Mee_0_30_ecm240/job028896174_wzp6_ee_ee_Mee_0_30_ecm240
AlmaLinux/RHEL 9 detected
Setting up the latest Key4HEP software stack from CVMFS ...
 ...  Key4HEP release: 2023-11-30
 ...  Use the following command to reproduce the current environment: 
 ... 
         source /cvmfs/sw.hsf.org/key4hep/releases/2023-11-23/x86_64-almalinux9-gcc11.3.1-opt/key4hep-stack/2023-11-30-gyuooo/setup.sh
 ... 
 ...  If you have any issues, comments or requests, open an issue at https://github.com/key4hep/key4hep-spack/issues
------------GOOD COPY
| Writing log to 'whizard.log'
|=============================================================================|
|                                                                             |
|    WW             WW  WW   WW  WW  WWWWWW      WW      WWWWW    WWWW        |
|     WW    WW     WW   WW   WW  WW     WW      WWWW     WW  WW   WW  WW      |
|      WW  WW WW  WW    WWWWWWW  WW    WW      WW  WW    WWWWW    WW   WW     |
|       WWWW   WWWW     WW   WW  WW   WW      WWWWWWWW   WW  WW   WW  WW      |
|        WW     WW      WW   WW  WW  WWWWWW  WW      WW  WW   WW  WWWW        |
|                                                                             |
|                                                                             |
|                                        W                                    |
|                                       sW                                    |
|                                       WW                                    |
|                                      sWW                                    |
|                                      WWW                                    |
|                                     wWWW                                    |
|                                    wWWWW                                    |
|                                    WW WW                                    |
|                                    WW WW                                    |
|                                   wWW WW                                    |
|                                  wWW  WW                                    |
|                                  WW   WW                                    |
|                                  WW   WW                                    |
|                                 WW    WW                                    |
|                                 WW    WW                                    |
|                                WW     WW                                    |
|                                WW     WW                                    |
|           wwwwww              WW      WW                                    |
|              WWWWWww          WW      WW                                    |
|                 WWWWWwwwww   WW       WW                                    |
|                     wWWWwwwwwWW       WW                                    |
|                 wWWWWWWWWWWwWWW       WW                                    |
|                wWWWWW       wW        WWWWWWW                               |
|                  WWWW       wW        WW  wWWWWWWWwww                       |
|                   WWWW                      wWWWWWWWwwww                    |
|                     WWWW                      WWWW     WWw                  |
|                       WWWWww                   WWWW                         |
|                           WWWwwww              WWWW                         |
|                               wWWWWwww       wWWWWW                         |
|                                     WwwwwwwwwWWW                            |
|                                                                             |
|                                                                             |
|                                                                             |
|  by:   Wolfgang Kilian, Thorsten Ohl, Juergen Reuter                        |
|        with contributions from Christian Speckner                           |
|        Contact: <whizard@desy.de>                                           |
|                                                                             |
|  if you use WHIZARD please cite:                                            |
|        W. Kilian, T. Ohl, J. Reuter,  Eur.Phys.J.C71 (2011) 1742            |
|                                          [arXiv: 0708.4233 [hep-ph]]        |
|        M. Moretti, T. Ohl, J. Reuter, arXiv: hep-ph/0102195                 |
|                                                                             |
|=============================================================================|
|                               WHIZARD 3.1.2
|=============================================================================|
| Reading model file '/cvmfs/sw.hsf.org/key4hep/releases/2023-11-23/x86_64-almalinux9-gcc11.3.1-opt/whizard/3.1.2-fw2eiz/share/whizard/models/SM.mdl'
| Preloaded model: SM
| Process library 'default_lib': initialized
| Preloaded library: default_lib
| Reading model file '/cvmfs/sw.hsf.org/key4hep/releases/2023-11-23/x86_64-almalinux9-gcc11.3.1-opt/whizard/3.1.2-fw2eiz/share/whizard/models/SM_hadrons.mdl'
| Reading commands from file 'card.sin'
n_events = 10000
seed = 28896174
| Switching to model 'SM', scheme 'default'
SM.mH =>  1.250000000000E+02
sqrts =  2.400000000000E+02
SM.ms =>  0.000000000000E+00
| Process library 'default_lib': recorded process 'proc'
?keep_beams = true
?keep_remnants = true
gaussian_spread1 =  8.900000000000E-04
gaussian_spread2 =  8.900000000000E-04
?isr_handler = true
$isr_handler_mode = "recoil"
isr_alpha =  7.299300000000E-03
isr_mass =  5.110000000000E-04
?ps_fsr_active = true
?ps_isr_active = false
?hadronization_active = true
$shower_method = "PYTHIA6"
$ps_PYTHIA_PYGIVE = "MSTJ(28)=0; PMAS(25,1)=125.1; PMAS(25,2)=0.4143E-02; MSTJ(41)=2; MSTU(22)=2000; PARJ(21)=0.40000; PARJ(41)=0.11000; PARJ(42)=0.52000; PARJ(81)=0.25000; PARJ(82)=1.90000; MSTJ(11)=3; PARJ(54)=-0.03100; PARJ(55)=-0.00200; PARJ(1)=0.08500; PARJ(3)=0.45000; PARJ(4)=0.02500; PARJ(2)=0.31000; PARJ(11)=0.60000; PARJ(12)=0.40000; PARJ(13)=0.72000; PARJ(14)=0.43000; PARJ(15)=0.08000; PARJ(16)=0.08000; PARJ(17)=0.17000; MSTP(3)=1;MSTP(71)=1;  MSTP(151)=1; PARP(151)=0.0098; PARP(152)=2.54e-5; PARP(153)=0.646; PARP(154)=1.937; MSTJ(22)=4; PARJ(73)=2250; PARJ(74)=2500"
| Integrate: current process library needs compilation
| Process library 'default_lib': compiling ...
| Process library 'default_lib': writing makefile
| Process library 'default_lib': writing driver
| Process library 'default_lib': creating source code
  RM        proc_i1.f90,.mod,.lo
  OMEGA     proc_i1.f90
[1/1] e- e+ -> e- e+ ... allowed. [time: 0.22 secs, total: 0.22 secs, remaining: 0.00 secs]
all processes done. [total time: 0.22 secs]
SUMMARY: 12 fusions, 4 propagators, 4 diagrams
SUMMARY: 4 vertices
| Process library 'default_lib': compiling sources
  FC        default_lib.lo
| Process library 'default_lib': linking
  FCLD      default_lib.la
| Process library 'default_lib': loading
| Process library 'default_lib': ... success.
| Integrate: compilation done
| RNG: Initializing TAO random-number generator
| RNG: Setting seed for random-number generator to 27566
| Initializing integration for process proc:
| Beam structure: e-, e+ => gaussian => isr
| Beam data (collision):
|   e-  (mass = 5.1099700E-04 GeV)
|   e+  (mass = 5.1099700E-04 GeV)
|   sqrts = 2.400000000000E+02 GeV
| RNG: Initializing TAO random-number generator
| RNG: Setting seed for random-number generator to 27567
| Phase space: generating configuration ...
| Phase space: ... success.
| Phase space: writing configuration file 'proc.i1.phs'
| ------------------------------------------------------------------------
| Process [scattering]: 'proc'
|   Library name  = 'default_lib'
|   Process index = 1
|   Process components:
|     1: 'proc_i1':   e-, e+ => e-, e+ [omega]
| ------------------------------------------------------------------------
| Phase space: 4 channels, 2 dimensions
| Phase space: found 4 channels, collected in 3 groves.
| Phase space: Using 4 equivalences between channels.
| Phase space: wood
| Beam structure: gaussian => isr, none => none, isr
| Beam structure: 2 channels, 2 dimensions
| Applying user-defined cuts.
| Starting integration for process 'proc'
| Integrate: iterations = 10:100000:"gw", 5:200000:""
| Integrator: 3 chains, 4 channels, 4 dimensions
| Integrator: Using VAMP channel equivalences
| Integrator: 100000 initial calls, 20 bins, stratified = T
| Integrator: VAMP
|=============================================================================|
| It      Calls  Integral[fb]  Error[fb]   Err[%]    Acc  Eff[%]   Chi2 N[It] |
|=============================================================================|
   1      80000  5.8193803E+02  3.25E+02   55.85  157.97*   0.01
   2      90665  8.9263294E+03  6.90E+03   77.30  232.76    0.00
   3      95111  4.2004680E+03  9.31E+02   22.15   68.32*   0.03
   4      83186  9.2549073E+03  4.26E+03   46.00  132.67    0.02
   5      86378  5.9499447E+03  3.55E+02    5.97   17.55*   0.06
   6      96461  7.5020272E+03  5.17E+02    6.89   21.41    0.04
   7      91813  8.1083021E+03  5.98E+02    7.37   22.33    0.04
   8      89260  7.9782219E+03  3.07E+02    3.85   11.51*   0.12
   9      87032  1.0585292E+04  8.60E+02    8.13   23.98    0.04
  10      98596  9.9766615E+03  5.51E+02    5.52   17.34*   0.04
|-----------------------------------------------------------------------------|
  10     898502  5.9558460E+03  1.57E+02    2.64   25.05    0.04   47.24  10
|-----------------------------------------------------------------------------|
  11     198064  1.1572727E+04  1.09E+03    9.41   41.86    0.02
  12     198064  1.2776910E+04  1.84E+03   14.41   64.12    0.01
  13     198064  1.1924993E+04  1.13E+03    9.46   42.10*   0.01
  14     198064  1.2057411E+04  1.81E+03   15.04   66.95    0.00
  15     198064  1.4640233E+04  3.51E+03   23.97  106.67    0.00
|-----------------------------------------------------------------------------|
  15     990320  1.2018015E+04  6.58E+02    5.47   54.48    0.00    0.23   5
|=============================================================================|
| Time estimate for generating 10000 events: 0d:01h:13m:58s
$extension_stdhep = "stdhep"
checkpoint = 100
| Starting simulation for process 'proc'
| Simulate: using integration grids from file 'proc.m1.vg'
| Simulate: activating ISR handler
| Simulate: ISR/EPA handler mode: pair recoil
| Simulate: activating parton shower
     MSTU(12)       changed from              0 to          12345
| Shower: Using PYTHIA6 shower
| Simulate: activating hadronization
| Hadronization: Using PYTHIA6 interface for hadronization and decays
| RNG: Initializing TAO random-number generator
| RNG: Setting seed for random-number generator to 27568
| Simulation: requested number of events = 10000
|             corr. to luminosity [fb-1] =   8.3208E-01
| Events: writing to STDHEP file 'proc.stdhep'
| Events: writing to raw file 'proc.evx'
| Events: generating 10000 unweighted, unpolarized events ...
| Events: event normalization mode '1'
1****************** PYINIT: initialization of PYTHIA routines *****************

 ==============================================================================
 I                                                                            I
 I         PYTHIA will be initialized for e- on e+ user configuration         I
 I            with    120.000 GeV on    120.000 GeV beam energies             I
 I                                                                            I
 I           corresponding to    240.000 GeV center-of-mass energy            I
 I                                                                            I
 ==============================================================================

 ******** PYMAXI: summary of differential cross-section maximum search ********

           ==========================================================
           I                                      I                 I
           I  ISUB  Subprocess name               I  Maximum value  I
           I                                      I                 I
           ==========================================================
           I                                      I                 I
           I    4   User process 1                I    1.0000D-12   I
           I                                      I                 I
           ==========================================================

 ********************** PYINIT: initialization completed **********************
| 
| |===================================================================|
| | % complete | events generated | events remaining | time remaining
| |===================================================================|
|      0.0               0              10000              ???
|      1.0             100               9900              96m:19s
|      2.0             200               9800              86m:59s
|      3.0             300               9700              83m:18s
|      4.0             400               9600              80m:48s
|      5.0             500               9500              82m:09s
|      6.0             600               9400              82m:35s

     Advisory warning type 9 given after     1236 PYEXEC calls:
     (PYRAND:) x > 1 in external event (listing follows):

          Event listing of user process at input (simplified)

   I IST     ID Mothers   Colours    p_x      p_y      p_z       E        m
   1 -1      11   0   0    0    0    6.298   -7.667  133.389  133.389    0.000
   2 -1     -11   0   0    0    0    1.668   -2.030   -0.295    0.295    0.000
   3  1      11   1   2    0    0    5.693   -6.930   95.115   95.537    0.001
   4  1     -11   1   2    0    0    2.405   -2.928   40.189   40.367    0.001
|      7.0             700               9300              82m:50s
|      8.0             800               9200              81m:35s
|      9.0             900               9100              82m:14s
|     10.0            1000               9000              79m:53s
|     11.0            1100               8900              78m:17s
|     12.0            1200               8800              77m:28s
|     13.0            1300               8700              76m:37s
|     14.0            1400               8600              76m:25s
|     15.0            1500               8500              77m:15s
|     16.0            1600               8400              76m:08s
|     17.0            1700               8300              75m:49s
|     18.0            1800               8200              75m:12s
|     19.0            1900               8100              74m:20s
|     20.0            2000               8000              73m:22s
|     21.0            2100               7900              72m:15s
|     22.0            2200               7800              71m:16s
|     23.0            2300               7700              70m:42s
|     24.0            2400               7600              69m:49s

     Advisory warning type 9 given after     4854 PYEXEC calls:
     (PYRAND:) x > 1 in external event (listing follows):

          Event listing of user process at input (simplified)

   I IST     ID Mothers   Colours    p_x      p_y      p_z       E        m
   1 -1      11   0   0    0    0   -0.577    0.426    0.046    0.046    0.000
   2 -1     -11   0   0    0    0   -3.404    2.515 -133.018  133.018    0.000
   3  1      11   1   2    0    0   -1.250    0.924  -41.770   41.799    0.001
   4  1     -11   1   2    0    0   -3.237    2.391 -108.111  108.186    0.001
|     25.0            2500               7500              68m:53s
|     26.0            2600               7400              67m:49s
|     27.0            2700               7300              66m:49s
|     28.0            2800               7200              65m:45s
|     29.0            2900               7100              64m:42s

     Advisory warning type 9 given after     5806 PYEXEC calls:
     (PYRAND:) x > 1 in external event (listing follows):

          Event listing of user process at input (simplified)

   I IST     ID Mothers   Colours    p_x      p_y      p_z       E        m
   1 -1      11   0   0    0    0   -0.532   -7.567  133.752  133.752    0.000
   2 -1     -11   0   0    0    0   -0.114   -1.621   -0.159    0.159    0.000
   3  1      11   1   2    0    0   -0.483   -6.869   99.870  100.107    0.001
   4  1     -11   1   2    0    0   -0.161   -2.286   33.237   33.316    0.001
|     30.0            3000               7000              63m:48s
|     31.0            3100               6900              63m:17s
|     32.0            3200               6800              62m:33s
|     33.0            3300               6700              61m:21s
|     34.0            3400               6600              60m:15s
|     35.0            3500               6500              59m:15s
|     36.0            3600               6400              58m:18s
|     37.0            3700               6300              57m:21s
|     38.0            3800               6200              56m:20s
|     39.0            3900               6100              55m:19s
|     40.0            4000               6000              54m:34s
|     41.0            4100               5900              53m:38s
|     42.0            4200               5800              52m:46s
|     43.0            4300               5700              51m:50s
|     44.0            4400               5600              50m:50s
|     45.0            4500               5500              50m:01s
|     46.0            4600               5400              49m:06s
|     47.0            4700               5300              48m:09s
|     48.0            4800               5200              47m:12s
|     49.0            4900               5100              46m:12s
|     50.0            5000               5000              45m:13s
|     51.0            5100               4900              44m:17s
|     52.0            5200               4800              43m:20s
|     53.0            5300               4700              42m:18s
|     54.0            5400               4600              41m:24s
|     55.0            5500               4500              40m:24s
|     56.0            5600               4400              39m:32s
|     57.0            5700               4300              38m:35s
|     58.0            5800               4200              37m:38s
|     59.0            5900               4100              36m:45s
|     60.0            6000               4000              35m:50s
|     61.0            6100               3900              34m:56s
|     62.0            6200               3800              33m:57s
|     63.0            6300               3700              33m:05s
|     64.0            6400               3600              32m:07s
|     65.0            6500               3500              31m:11s
|     66.0            6600               3400              30m:20s
|     67.0            6700               3300              29m:26s
|     68.0            6800               3200              28m:33s
|     69.0            6900               3100              27m:36s
|     70.0            7000               3000              26m:38s
|     71.0            7100               2900              25m:44s
|     72.0            7200               2800              24m:51s
|     73.0            7300               2700              23m:58s
|     74.0            7400               2600              23m:02s
|     75.0            7500               2500              22m:10s
|     76.0            7600               2400              21m:19s
|     77.0            7700               2300              20m:26s
|     78.0            7800               2200              19m:32s
|     79.0            7900               2100              18m:36s
|     80.0            8000               2000              17m:43s
|     81.0            8100               1900              16m:51s
|     82.0            8200               1800              15m:57s
|     83.0            8300               1700              15m:03s
|     84.0            8400               1600              14m:08s
|     85.0            8500               1500              13m:14s
|     86.0            8600               1400              12m:20s
|     87.0            8700               1300              11m:28s
|     88.0            8800               1200              10m:34s
|     89.0            8900               1100              9m:41s
|     90.0            9000               1000              8m:48s
|     91.0            9100                900              7m:54s
|     92.0            9200                800              7m:02s
|     93.0            9300                700              6m:09s
|     94.0            9400                600              5m:17s
|     95.0            9500                500              4m:24s
|     96.0            9600                400              3m:31s
|     97.0            9700                300              2m:38s
|     98.0            9800                200              1m:46s
|     99.0            9900                100              0m:53s
|    100.0           10000                  0              0m:00s
| |===================================================================|
| 
|         ... event sample complete.
| Events: actual unweighting efficiency =   0.00 %
Warning: Encountered events with excess weight: 776 events (  7.760 %)
| Maximum excess weight = 1.238E+03
| Average excess weight = 6.990E-01
| Events: closing STDHEP file 'proc.stdhep'
| Events: closing raw file 'proc.evx'
| There were no errors and    1 warning(s).
| WHIZARD run finished.
|=============================================================================|


          ********************************************************
          *       STDHEP version 5.06.01 -  November 20, 2007    *
          ********************************************************


 STDXWOPEN WARNING: I/O is initialized for stdhep only

          STDXEND:    3421953 words i/o with     9502 efficiency 
finished run
------------GOOD COPY
stdhep.gz file successfully copied on eos
import FCC-ee config
version  winter2023
yamldir =  /afs/cern.ch/work/f/fccsw/public/FCCDicts/yaml/FCCee/stdhep/winter2023/
indir = /eos/user/k/kmekhema/whizard_products/stdhep/winter2023/
sending jobs
run locally
preparing to send Whizard jobs to produce stdhep files for process wzp6_ee_ee_Mee_0_30_ecm240
njobs= 1
stdhepdir = /eos/user/k/kmekhema/whizard_products/stdhep/winter2023/wzp6_ee_ee_Mee_0_30_ecm240
will run locally
succesfully sent 1  job(s)
